60
73
79
16
45 D
7
87
13
16 5041108118080626954
77
67 8330661330604475264
34
56 7632632476050870522
99
87
70 D
1 2570711982766895374
32
39
34 D
91
16
13
42
20 66355240927961100
40
85
82
42
32
71 6754420760322019717
84 1571976820090536635
41 1534061584300964291
97
31 3046916459170612995
77 D
16 D
4 D
55 5091561308348130972
100 7270594269914737421
91 D
41
55
38 D
87
94
42
33
69 D
59 6255972074004376972
44 D
32 5837801666423025355
88 7000926400266089828
58 D
55
73 2785200155676984312
16 8451814427477274222
1 7313464048413691029
98 4551236403623059063
65 3198014931880187825
64 8336765871826660994
90
59
69 8688003854095901912
76
2
51
33 1275039134001926583
83 4469476514580580074
81 1461737088116324406
86
89 7015923592078169592
10 8764772335285775634
11
31
74 1922357956307484578
81
96 D
8
58
46 D
70
3 3857818315243145099
22
35
96
91
5
20 D
53 5720736168976619552
84 4462290897987345485
77
86 3331032362839161229
27
16 2604806608385920170
50
70 3303736924472064370
66 948597137673229321
95
24 D
26 2429746819626080725
69 4802576615770631411
33
38
41
86 4192188861554892258
13 4211778020518330860
92 2426404563002614026
60 5887310259678930737
45 D
80
63 7374987282060337423
97
63
41
63 D
83 6303285802210477713
81 177754044731704032
85 2983571039173976579
21
18
20 D
39 4498274523767157000
77
72
71 1995589401152991082
36
28
4
41 172439318670522316
10 5521652323405109488
55
22
3
11
20 7378356357937369019
68 5992615954262896705
49
83 D
92
33
34
8
91 7321568329394317957
56 285967490732137746
57
48 7512249144902140035
1
59
44
3 7127429361491175597
46 D
67 7760878029739602335
25
49
61
75
90
6 9035750880312153173
36 2089038876996953440
4
41
35 4056231965744312436
79
53 D
53 5727559541744503426
22 D
67 5415858701201213812
19
19 D
54
32 D
30 D
25
51
12
15
24
86
76
100 D
28
62 3145890031538713444
85
50
10 D
34 D
49
37 8849710341488532458
88 D
37
77 2636536099064439035
37 2035554715808458179
4
77 D
87
27
67 8296601964135417473
1
66
50 2455032618790998522
90 7944484220363460064
65
12
22
62 3904139346494097095
43
77
40 4987972245294719188
11
9
25
95
8 3695142299262898336
0 4764593984470518158
29
5 2986191821656081152
87
45
71 1984727534446634104
74 729956943146751878
24 2381512865513763709
27
89 D
15
45 D
37
6
59 4582596581661865356
31
13
57 D
25 5000110555002531096
72
85
73
28 D
48 D
63 4790251717321644867
54
38
66 D
8
5
97
9
1
69 D
62
24
90
55 1006482981969749151
1 D
93
51
14 1937294595936726725
10
87
11
0
31
42 2651421920454787920
68
35 7450250762811564841
93
96 2609153565820760885
10 7507544249834003326
98
95
76
92 D
75
96
77 4753927956893061585
67 D
77
13 4797585726554837746
82 7292866513222670423
48 D
92
73 D
64
69
100
47 D
34
84
73
15
31 3448760891959356675
74
91
64
4 6290467829481597968
43
81 8130696744015970683
82 8491411028009840866
30
76
73
25
89 3534790683971521856
52
59 7420883611550388628
70
87 D
43 2914143438323999153
72
99 4991867796496167035
39 2438424436442554955
10
66 6379359257852853592
86 D
2 2040201401468947767
45 946718493505225518
38
77
100
9 1633874036607488504
77
3 3705732669514929416
37
73
45 6978251608308902837
40 1988363182342264038
63
39
65 D
60
26
36 5769553461791049451
5 D
58
100 7130713779659621799
89 8491744718800983265
68
1 5704666735397214096
80
57
64
75 5405139666547592250
65 6491234177269024333
84 117081188769496792
69 3623788267576457498
18 6698409886265029838
47 D
4 801301078087883432
45
85 6601734835448044087
61 1702955042781701732
18 7195770474437546466
17 2298792403991708099
59
50 1822545933319470343
75 D
28
84 D
69 6615772251851688608
42 2462615972604448524
100 9158144869680216037
50
54 7697342556298198279
45 2996158139331609378
11 D
85 4087288467662045263
30
87 D
30
74 D
75
2 8745932529159896516
71
49 1858015028092584401
54
3 D
72
33 7301674201923776999
61
45 9162339430589024792
77
49
63 D
14 5274106219763613625
21 D
80 D
12 D
60
39
55 1635212353761202450
41
73
38 7182302036369211259
12 D
32 D
14
11 1718617185880835282
91
31 D
53
71
6
46
24
29
5
37
59
90
26
36 3510651099867699351
65
88
59 D
96 1684517066430266965
26
63 60833236966344208
7
50 1380379313768936785
10
11 D
13
70 D
73 2309199962082416890
45
97 739463179092682902
2
12 3313358685302187556
51 D
3 6049377276197673968
1
95
85 3914217417807091896
85
49 D
3
21
30 8382628057405303315
92
70 846345577413606426
97
45 2609155597182436785
33 1686681487774623299
59 1471151265710471857
64 7955294240164451101
41 D
51 D
54
98
29 3980171057946948623
98 D
69 2382512010496845332
25
19
38
88
84
43 572868706567203888
73
72
27 D
53 7766397355196348981
41 5313992280452710384
67
95
74
42 D
53
12
4
2
67 D
67
84
94
61 3255746713398363838
52 5548750958675840885
53
90 D
7
69 D
77
87
10
17 8607347795904732056
92 2952807278543933343
46
68
93 3012824148173259224
24 D
91 8133413419916105362
20
69 6233584109987514626
18 6512581762396842108
28
19
40 D
58
26
32 312326623721999948
63
27
82 9185689139636101784
58 D
80
23
61
8
67
16 D
37
71
21 D
42
44
65
39 3921728127864879733
13 6394643823222553599
84
96 2880933809249854357
81
27
78 5631217562991952293
90
80
14
81
74
68
71
55 7576905303400228157
91 D
68
21
40
69 D
68 3650278701919179375
65 1317739633143998047
28 8574571685251176046
52
26
89
19 732770826474574883
87 5785152980731846498
86
95
79
64
57 5618512448604208585
0 3765866349420221296
79 1516512770023941705
32
87
62
1
35 4387851982689477874
36
11
76
55 9003528575316489034
70 488700513580259321
23 671313242209300623
92
44 3319100471312418521
31 801609315293279375
60
73 2053824077743303622
7 5530721676504738709
37
45 D
8
11 7698672820338682549
50 D
83 7479119811397480455
68
15
90 D
3
34 D
8 6798967761436806056
7
51 7060629904570112631
0 3341200773298636063
12
87
89 8222409186142434804
59
81 D
48 2949097371391295314
56 5696218837204454738
30
27 6539216688123510601
15
81 D
15 D
60
21
49 D
18
17 7625090809504484490
42 D
27
33
95 2107137622636974670
15
79
31
34
1 5772999362078062335
8
46
56
89 9171533403524245523
85 1998260440750915048
10
71
51
89 139260909347177823
54 D
75
52
81 4210120046868414325
84
84 D
8
55
23
28 5787034279084254660
40
95
77
95
86
13
64 D
100 4665762260826692753
92 2914544177150279865
23 8353559999746855843
72
20
40 7418166123429116133
83
59 2264984435986020615
17
17 D
62
61
0
21
17 7826657133649225753
80
33
17
56 2883821856071059563
25
40 5825601592285756462
54
13 397633613565230986
57
51 D
80 3038739279164498645
34 8741819368080792761
92
33
52
24 7664070179113055393
73
46 D
28 8447970368252873632
93
88
56 D
87
38 7169591953323148515
30
64
47
74
84 D
46 7508067653836134827
15
8
36
39
37 3601661582088254059
7
97
50
65 4985000532838871641
30
87
22
47 2176681645976405879
30 8561977874834683003
95 390058770453296385
34
31 841664669371914720
52 D
58
56
70
83
81
94
93 2360083794053579866
98
36
3 7329796451747245325
61 1241515958842328302
14 7365145311460747316
87 5633240782324344309
48
89 D
9
56
48 D
67
59 1125263407407182447
94 9011634315466494581
51
1
48 D
56 4853797325918496671
91
60
18
34
63
82
5 D
2
7 D
59 1731158401372243606
28
28
55 6703924929563436916
16
16 D
89
54 448583651987413517
38
17
18 7701813316794359965
24 D
91 6266615141087103241
41 7473657086817232718
42
38
24
70
84
95 3647714701706039030
2
5 8183262218010108096
92
31
23
68 5848245217294865975
37 852003820694098720
99
88
90
21 3203416890558996606
70
39 6868575614451948535
34 3230276348100691659
53
16
4 6756526946123368858
13 287498991115494861
86
47 5326630607792883700
91 5019392395858726861
84
55
59 6844887982059537694
76
71
78
10 2342811801380821685
5
53 6113028523311748242
94 4821379804161478034
88
51
35
92 2442170759538880593
17 4522133727387560800
97
38 1418697913768318989
5 1801780824664551289
48 3059184016566779712
67 D
57 652140645365504233
85
55 1301099811172006044
64
32 5222731414124098436
66
62
27 708646203732865666
24
77
70
85
1
10 D
61
72 5413856608682958090
9
46 6306544756778854018
83
49
73 70358454811619557
37 4388451228695947403
3
96 143929457834992037
13
54 D
77
27
45
87
68 2545875894195263551
78 6424654229609907808
81
5
91 D
45
64
43
48
35
13
93
82
43
62
71 6750725713326051089
29
80 3461813146379031371
48 D
94
15 D
7
34
57 4803184891575607802
18 D
9
78
95
1
27
0
81 807092905036697201
23
67
28 486593785682334978
10 D
55
32 6985327450614318724
88
62 8209382534384757045
61
52
17 6850020141999400666
86 5070650717361620887
46 D
55
38 D
5 9010517180527453816
65 D
12 D
55 1593253277772676070
24
16 7189339834531773029
15
75 3194680610162715689
5
100
88
81 D
53
79 4135586114442035995
71 D
78
7
72
65
9 2709465356730895790
48 1171889480043226176
58
66 7140518340794248472
35
96
30
47
75
32 D
51
30
9
71 5955672320356041587
50 913832178321971241
66
1
61
47
7
5 2584732558646521379
76
46
78 2531598108184557723
4 3459332464476659794
27
38
18
35
42
3
85 6873457861961089816
98 D
45 926541899694696897
70
32
59 D
74
42
57 5420390052892973843
62 468446924108528082
50 3273203925943345214
32 6124915107571773554
85
23
27
1
52 7721816451825814019
23
22 666544699165184058
77 1472965298033323291
78 5721364638883625011
70 655691775798848019
63 D
55 D
15 3764971299828411536
66 1316465816676872179
87
23 D
48 2436294580854071498
52
62
66 D
62 6161319267483756480
83
58
3 6353644556046626012
77
67
3 4245248583920965168
18 1160889786913424019
35
56
47
50 436909643247319718
63
1
12
41 1096916501963309327
56
100 6886566647590412650
7 D
39
4
30
49 4687838424700287767
3 D
82 2938640919886610189
98
1
33 1546369320284160197
84 9010945251287812700
77 1754779760733476260
89
12 631535419116929532
42 D
9 D
85
95 D
87 8201867041065260185
79 8940931623858154259
35
77 1208586107714486786
88
36
54
79 8902410996472252482
55
32 7178346062524304632
91
34
90 150328507688762080
48 8318252576737214440
81
100 7220257660477032003
80
5
50
10 1233058709352701328
32
80
18 D
10 D
10 1031486022909582491
9 D
4
33 D
97
39 7536639819423558224
59 D
28 4127923962358310438
10 1452866748800560580
0 6455530638140156170
55
62 D
66
48
61 D
65
42
57
44
71 142177242839922317
17 8927373129393193121
78 3341062127167704473
41
76 3513087431804753326
41
77 2823725851849247709
67 7862789781220736200
60
73
77
86 D
49
4 5423549331472355698
23 2106264781038607524
53
38 5760174094203839054
49 3375401929706322150
86
62 3692861386951354931
87
88 D
34
34
4 5871210206417027866
30 7142208695836894121
34 4768550909203809033
22
34
58
99 4298184351827328066
69 1176152824111770612
21 D
28
12 4769760684755676717
42 370658745611955141
95 4738267876005606
8
90 D
78 D
75 509976483643188565
13
81
82
58
13 7066096705674615282
93 D
99
43
69
95
11
3 8074684781450994367
9 D
4
42
40
48
63 6750828014667965539
54 5392274352053269574
38
51
38 8542652212849179817
54 D
68 D
89 D
46 8692938082108642855
65
95
94
90
2
57
72
11 5352190347442957423
13
51
27
41 737772885814068985
16 5987167205322068382
51 3686829103502669619
94 D
43
85 7701759380743145988
8
51 D
68 D
66 6135679155020295470
60 D
87
52 5940297162444495545
81
21 D
70 1363894463252758017
17 D
32 5643624203115327329
41
42 4074862536196663433
65 D
74 8433736657725488052
96 6690394461158859107
56 267918840550045364
87 D
47
87 3478533758932071372
59 D
56
73
15
6 1321453352332903350
61 D
85 3779068112033736426
59 6396836649609099344
43 2274265135687436844
77
43 D
83
71 D
13
78
57
7
29
42
88
90 5065137831581873198
96
35 4888057828131272887
12 D
12
62
42 6843783381457333841
69 D
74
47 3149195494103237119
16 D
29
0
57 2546602281087381302
15 D
53
55 55104502728815365
54
38
41 7689863989168330933
77
21 D
50
51
60
90
31
95 9173188821731614838
48 8912939123711783115
56 6067440407449819902
98
39
79
30
96 3859237313792471440
84
18
71 620298413623123721
45
63 D
39 5372874243317477170
38
74
49
94
40
22
20 3498279625102890481
80
27 114296618672015491
69 D
57
89
56
52
79 1836368974175488288
59
69
98 8229940109398761715
40
28 D
100
54 5320806442339949548
37
19 2761969442432706645
71 D
9 8377876018241467985
28
65 D
93
2
40
79
51 D
29 2426366921156370266
37 D
58 1587800630671606243
11 3438914569852679570
19
1 4462507208194563797
78 6127074655292710130
5 530233218619477617
47
10 D
60
37
92
5
22
50 5106474933609658510
16
92
99 3722120969024584791
54
97
14
67
20 4233289405012977640
56 D
77 8834109248955200433
1
15 4572458172273764936
68
43 D
4
3 5500650312805178187
15
87
88 D
55 235567391522831824
56 D
73
42 2603601169676954688
76 543924895054004138
52
83
54 D
23
51
85 3022362283321898307
27
24
76 5158164721472591806
64
29 668383057273925489
85
1
11
95
77
95
19
5
64
85 2093652971994012844
24 2445863373998028204
74 5423877892680614867
23
12
5
11 4866765561680136117
68
84 D
70
64
45
5 2262660269262413059
82 1422838279708966787
65
4
87 D
28 2389354353151710399
43 D
62
32
37
39 6491347532378488989
48
45
26 D
63
76
95
28 D
80 D
97
52 1694384948878115597
43
99
34 6692921640774870363
5 9127315071262520386
18 D
68
97 D
68
97
84
80
22
56
80
16 8811601383073723121
31
47 554506021740876163
36
82
19
68 4016660286527537908
29 6544620011017355146
27
52
35 7069620479046439975
98
34
31
1 3770565415826575903
76 D
69 5267800393636968022
32
37 D
70
39
21 901708413569187831
1 D
88 6174676823084447380
91 D
23
83
44 7488265822314613970
18
29
56 4496893378038424376
16 D
7
77 9132551605379772887
20
16 2818558127193826277
76
58 D
17 D
76
50
83 D
98 2219201937140911136
38
55 D
100
66 7561482911936898836
11
48
20 1710615503656966626
61
52
43 6077684263418877699
76
32 2284622735819007471
46
70
43 D
6 8599047303631642705
9
84
75
45
74
70
93
1
63
19
18 8523484630730845875
28
46 6918322021183433520
93 D
86 D
65 D
4
46 D
72 4574704966061083091
100
29
68
50
33
36
30 D
42 D
37
82
58
75 1277078406913731313
99 5845799327238583371
16
37
18
100 D
48
38
92 D
50
10 9023943218585742897
71 182474539860870150
89
62 D
0
21
35 D
74 1250029976087775999
23 D
6 D
17 4982066495653477233
82 D
14
18 1384203860198148802
28
41 3763656157493620461
35
35 3416589857997103527
32
48 1292816411803670659
11
7
87
9 8203876483452691393
25 4512109121647428285
74
35 4402448518468873542
59 2181800275359406922
14
12
87
64
19
31 3385639368562588486
29
46 5821494134573474654
9 4734859970425027789
56 9201545101220916214
99 D
88
55 455620051842385790
77 6587993055838145669
23 2363068167065917593
70
67
19 2175255786453323980
12 D
7
16
90
6 D
23 6888263284471464725
91
61
69
64
73
98
52
70 D
91
28 3879318524101515161
44
32
53 2793769547304902530
48 6093151894599292742
100 3700016485985278792
16
8 5478871367721358352
43 D
99 7772343199059236491
0 1577478912813470533
90 6885294300897617344
3
8
56
72 D
83 9009028324268854155
45 3680510543226974560
62
80 D
36 2698975535138641661
18
12
77 954126195198372878
8 7187379023833752783
62 5035134290924991983
28
6
12 D
73
83 5189230696331996240
26 7244797498358174760
70 4655763754345638988
88 D
37
92
36
77
89 5423949300098753696
3
63
58
49
59 9052353222772812992
19 1556056506627448813
96
57 D
66
29
3
76
87
32 2291533138496285053
17 1358844909692504230
94
90 2414547680671240307
2
43
30
46 D
59
48
58
61
53
49 D
83
67 D
91 D
56
97 6267681490482454233
32
81 5040861192057626080
99 D
34
54
13 54348109793650557
16
56
65
67
61 4561491502314186990
49 5003077775656849911
69 7636883464924228492
98
41 D
15 4351959388678135867
69 D
38
97
52
7
92
19
93 4138941151174411427
60 5201463594874369275
27
85 6640857446808566886
33 4958576347301499057
87 D
58
85
53 5792379958734438867
14 1650504926101926562
78
62
100 6973118890159731552
0 D
6
48 446614991860146665
46 2480815029157600557
11
28
63
19 7430913717963324360
38 D
51
24
60 D
17 7855319138883400742
78
90
66
81
53 2962326768802880853
13
85
10
71 5162084108308891639
51
86
27 8907018318883884560
75
94
100 3779606868355978597
40 602783248745158767
88 3837258108126720242
33
15 1141179692409626217
57 D
32 1556129483556716339
64
57
68 1222513474157786442
49
95
27
63
68
47
80 D
27 6013410599609388933
80 8408728424109327167
3 6850666999438116441
62 5789045186990874629
39 616705406960024996
1
34
58
39 D
24
58
32
24
58 2875186128909512457
14
55 D
3
49
69 6698901702886491131
42
72
58
68
33 953847459555000838
26 D
98 467844881624996650
56
22
30 D
32 3662638809399418628
2 D
62 3520333501982466019
1 4741781082547502619
37 D
30
87 6162776562839615001
18
43 5367426810259773098
94
51 D
33
49 D
49
13 4203110014859508540
79 4127913532005638069
16 8131682674841028137
90
33
80 487728646009473220
86 2819713056332872287
40
0
58
72
47 8050763051900732366
58 7130850916016195201
68
100
46
49 4312574682525036458
67
64
60
38 D
99
5 4084890758890699460
47
89
87
61 D
59
41 4680331821874307378
79
87 6746727065101511056
95
86 1500580455058968772
33 8916531729503518289
45
2 8559593931004377535
58 D
81
43 D
86 1499042147044753154
84 5218248980866958826
70
78
70
59
90
26 7617174964069351117
27
40
84 3068026982267446040
97 621621073663272043
42 2386135015209806748
74
93 7306494002697550607
15 4843009735627306715
43
46 3451798491610828415
44
75
58
77
40 3585010512262822250
81
87 2337579228849535789
4
29 1879574806137209467
72 4546701285817991011
35
98 D
52 5568055097113786378
19
53
86 557505681033417742
30 2649931150907317396
64 4430669844613477657
7 2908680501862937504
19
32
20
41
62
16
9 2083782314856461641
100
3 7048801435971971969
75 D
84 5070994441407563690
78 D
6
100 8017873151574636528
51
44 6281169077181294958
85
63
38
53
0 6547784573628222789
10
48
99 5340763546817385578
9
21
83
100 873809538503038566
42
55
42 6061735615904705364
53 D
48
58 951543641838322267
28
58 D
61
88
97
95
19
95 1086850149632102910
33 D
73 D
75
4
34
37 1386752925350594718
10
32 8235223695940746722
7
40 D
16
61 5997082211205489596
57
42
41
47 D
22 D
6 2511488563945638013
61 4747360201573560586
38
16
87 6574432189620718381
10 D
50 1164674827852578447
22 D
25
65 4246926007928771402
54
22 5680322527653176208
74 1409193747621802270
99
16
6 D
58
49
39 5641448422098991403
16
59 D
11
65 2072398425142521168
23
70 7471025124599356998
59 1300286842135722547
90 D
93
40
95
65 2676442703854143501
73
90 D
81
94 D
42 5402869275920067820
94
0 9132141382203485983
40
68
33
43
24 5909015723494632512
63 603053238299379377
51
72 5508374323329504594
9 6193856901884639065
4 4976718566056100767
59 4499795949802741478
47
4 3632775869211452482
30
44
31
29
52 1750068663222484240
52
2
59 D
14
70 2877972694567862590
36 D
46
100 3375852523100288630
93 D
11
62
99
73
25
74
44
83
62
88
73
28
98
5 D
36 D
75 5238583331764636867
32 D
24
89 803823177561692822
31 5801004413171191571
80
44 1607242662952601476
52
82 D
76
44
46
84 D
14 3401411352775600441
27
44
13 1287361172800820888
44
10
49 84498420109503258
37
42
79 D
72
62 8859077778074099686
41 7452455870034351881
1
36
41 438492407054292044
16 8131898904555977788
81 D
40 5637162730422122407
59
74 4255228468299954609
54
69
72
65
36 6861552902494885327
73
54
61
32 D
72 4990909109081562580
9
76
0 D
15 5671178756869776434
12
34 D
49
1
3 4600485434300360643
14
97
72
87 4374784391090883957
93
52
52 D
21 D
64
45
15 3495063760314464365
35 D
5 D
28
1 6887696361469241812
89
57 1080745309747862686
41
8
16 2190697188481862793
77 6896805224147721201
55
16
85 3266007202296535526
14
30
8
34
1 D
88 D
94
21
19 3155568984391418869
94 67638396497254501
56
32
24
7
4
35
52
55
8 D
18 7241881719798965624
85 1973056876036589189
38
72 8895055855442267427
99
4
47
81 1491417794025136105
47
56
84 6865626185712331390
43
92 D
83 816414626966415082
20
17
52 5562891277391850200
62
6
68
46 2330593850693684157
19 D
50 D
1 1738942071893600454
80
100
40
9
54 8614843835027340354
10
57
32
45 4611826671528534510
37
76 8820256217706993936
43
35
57
22
25 6010084940439477114
38
14 3517748440908630972
52
11 D
13 7283050718825982957
86 7567914347390425949
63
63
98
7 5918563225455811845
2
12
19 3082810263276704475
8
33
35 D
94
54 8905195747654075530
42
93
4 D
96 D
24 7396071160511647700
68
0 7843507997076112665
12
47
51 4126957453541752320
47
50 4256359151051029836
2
79 7098386939128174707
34
79
12 D
26
100 2767024328637046675
81 D
60
38
56 D
89 7529677049872794221
15 9086544365973291649
3
40
48 D
76
27
37 6801075013221180907
13 2117226811686377848
97
84
34
89
48
81
53 6170758906976450834
2
38
4
44
0
14
6
31
95
79
78
8
78
97
60 5715131859454689974
57 D
68
78
1
42
88
93 5631338563555480032
32 2921615214484148552
37
64 183269982761879965
24 4062100316389934281
4 6158419024330261155
3
81
91
87 7454029040836472062
6
51 1478632053836578501
89 4487311987757632329
89 6159407169361935020
71
44 D
59 6995368382788362709
63
5
18
97
29
52 D
61 943046779705276010
71
85 6070549300192974257
81 5689060185273360032
17
96
12 D
99 5509560197083740557
13
53
67 6927325114984074869
93
49
68 D
47
15
6 7121093094104128579
4 3576562878368128287
88 D
96 D
76
18
71 7056166686765804997
44
59
43 7519314173856620867
99 8590578248115262600
54
39 7209256028605672263
78 5881786000925145464
84 4315476829071060435
63 D
40
34 7836346614163047352
100 5945420320201116129
71 D
41 5888749322372414666
87
24
65 3951638302798680598
36 D
1 D
39 1647208041795256340
84 909042859021170186
41
69 7502577842764379176
30
84 2589313140869720421
78
49
9 5028864178322684014
48
6
26 8844176541142814739
32 3291979511935289393
53 2518356593535414485
54 D
68 D
52 1319977066450227960
96
25 4766579248890799846
96 4817674834269451949
57
66 7030960044086064265
90 D
58
42
54
71 D
18 442531135444823115
55 D
17
30
56
77 D
40
26
24
42 2084353380868553998
29 4893665383615138100
87
58
13
60
20 1896814087637933578
19 D
1 5542712888128347399
80
77
88 5225846265949277562
56
58
51
19
70
33
42 D
91 2031335201412857540
99 8861275602031130832
54
49
78
11
94
77 2901262433262557852
87
33 4514310648675539360
56
78
28 8149971003644120274
67
58
90 D
83 1377981112470928497
93 D
83
83 2521099174756951744
6 4010856621576653401
39
7 8212869542281700093
88
17 221485011364852697
31
82
31 4565067445872880724
100
43
58 8793569396448693321
85
98
83
18 1027773113136644763
76 442108033254788905
33
89 2622360967139438956
53
12
1
27
85
80
98 2702393697413466481
64 D
6
32
93 3803662790136188538
98 2856621611937875295
33 606715856851617651
77 D
92 4170740427627071571
92
5
100
52
16 D
60
55 D
72
51 8542452713024508807
26 9007956676566260064
65 8722706805842338717
46 7816329573201878148
56 D
95
54 2043926433411785593
99 2694816428504878647
8
9
94
39 8305769200405610346
89 D
80 6235758373914537373
0 D
67 5931612831952153215
56
68
2
26
28 8892885034218449048
87 D
75
96
30 7185157955292304248
54
84
4 7114039913793284007
44 D
17
47
92
48 3168376704313417107
65
25 D
68 D
65
50
79
31
73
22 3979110965696282916
52 5216944458311671733
44 4292217530513152924
3 D
23
98
22 D
98 5250938667964578222
94
48 D
99
16 2848477519186161948
90 7086719722479850591
61
35 7987794138373663343
39
26 5560023193142425566
10 5317068754428902021
81 7211539828948525029
59 D
44 5282884336127166671
99 3258719387976140469
47
66 1902235814527489320
80 2428002265712683964
92
42 263251690611996899
91 D
42 5297031576175895293
43
78
67
76
49 D
70 D
3 D
19
2 D
43
48
92 D
70 4958505479897579062
13 D
85
2 4608903532083243253
13 4975875080908995970
38 6109401838250042313
80
55 2795608058069320648
91 5063514703516723642
91
70
34 931232312388479105
20 D
28
77
35 168019492175009259
67 4993690837397255125
42 1212654768907654821
38 6428627790942034590
69
64 5860826051327709219
88
17 8203520289113848417
5 D
52
92 D
35
4 8144823372426666212
3 D
35
54
88 D
25
26 1287158205391682095
9
97
99 1002349998218386307
77 D
66 4022671336724808226
100 1379477265860954804
59
34 8623149865732718303
16 105489623019605171
63 4193369824011852133
33 D
9
62
7 1347962847615905365
58
91
68
63 5683497851165857170
46 D
53 1675089361970111462
45
30
33
81 4930387190439056598
50
60
87 1289863252992011011
100 7822105835519832040
55
80 7631515074613134932
85
42
96 6826315743330345069
20
91 4916937698786859512
45
7
95 D
35 2436658141997433744
66 2035180511737791557
65
89
27
5 6759433001728044174
80
73
91
6
39
81
23
62
52
15 2167867619390505047
13 D
23 D
29
44 D
84
89 D
54
73 2735822668214970117
42
65
95
52
43 D
16
61
16
50
16
63
80
62 7850104043080834327
31 146464929901116025
24
24
23 D
12 3346675828539341603
36 D
62
38 D
48 3011438862432821663
80 1679774544920304344
91
37
49 5808884666530295178
41
9 D
42
78 1414005719314285720
73 796856856328626253
35
46
98
14 69211102616091207
75 2196893896710444088
65 D
71 962441403439439579
96
28 D
66
9 7796080984916709500
69 D
6
87 7382513346692029440
100
78
86
19
30 5885029399761528825
85
14
42
14 4693519585581680628
82 715967242277299365
4
43 7463793608345050475
26 D
8
79
47
87 3760748455516195879
33 6422696824928706290
71
57 6306590820198789797
8 624509181153286574
18 1542999476964376329
48 3052762080474442371
48
84
29 D
39 3561155493565919462
70
28 D
44
43
26 3338751194437572523
30 6731083523424773454
18 6986501408337964359
69 1211808352443552365
96 5812534234966949186
29
20
86
41 6832556388215429239
52 D
62
18 2292287117730725064
1
38 7217468316795823476
50 6412584821888055186
22
82
9
78 D
12 D
32 2772057168351638676
57
98
88 D
25 6511314056913112177
34 D
96 3146010786316252350
42
84
4
23
94 5707308755029714508
81 6632761517437701572
38
31
82
67 D
84
60
4
63
17
30
45
10 5365901536360366446
24
92 D
15
64
74
30
51 D
75
48
77
25 5944148666212206534
69 4666938104720285910
66 5995389309207976663
3 4771004518660647209
89 6921854580566167688
99 487429109760479477
5 2775227829717524815
5
60
51
6
28
95 2044367392818975026
59
16
28
34
33
57 2983781819265458409
55 7469924692424002953
38
27
26
49 D
53 5857768062534510944
12
79
47 2968245553457127993
35 7289653784472967917
26
95
84 7681114571837178033
32 D
64
40
62
48
11
23
22 D
22
10 2240027056631155695
89
10 9016368664654864042
3
61 5285307053681385383
38
67 2367330987418757668
77
44 D
70 D
83 7386898493228238139
79 4672145083391109156
55 D
87
78
15
38 4821318990503678067
67
93
24 6726037934999248421
84
53 1922999544701785593
57
15
5
13 8627238772710971766
21 1866530405426595796
11
35 4399759769043924175
19
65
69
53
81
50
76 1600565709932782195
22
82
78
96
75
18
92 D
3 D
8 6151959148073090176
29
92
51 4205077121006843548
51
15
12
63
13 3627577275781882103
49 D
86 5645977397095854556
16 1566506984869382024
85 2373632100555767718
68
74 D
74 1607208515154477776
4 D
44
9 D
45 1826623877827326830
42 8980062244771701081
96
58 3488901556753629102
100 5292185252473194243
75
16 2338859741580522594
69 436317820901020529
89
49
60 7391258873811160302
71
84 150124992317925317
44 D
73
69
25 98751151453609781
79 7106681879299315367
24
81
91
58
85 7951704705128552945
24
65 6265760655684383134
23 D
47
27
45
64
9 D
15 D
68
65
70
35
93 2633274901114431700
20
79 5183599370670305350
58
48 D
12 1691599380986163813
99 D
32 D
71 2326967071631857433
67 2279288941781963249
10
41
50
59
77
25 7668858596146128823
7
31
31 7429927478152282462
98
5 1671305366816791126
50
34
4
50
95 4116811888432297213
73 5238356088560506030
56 8388159243093904177
63 2956439872607386276
16
30
12
79
45
0 D
57
98
21
59
41
88 7693756517247818392
32 6173741831107091329
91 701359954407716224
1
9
13 994152540020729356
62
65 5507060492106246127
4 D
36 D
9
2
10
63
93
92
88
12
84 6664807783083655879
0
0
14
77 9041521186794722282
100 2768225961031718910
97
89 D
96
49
62
17
67 3837212327142991820
35 8364009333402428554
60 7319690438445988387
50
29
8 5858086592681645044
65 3409991898016281397
53
90
53 5536983691238832632
26
67 8952397716799776524
97 673958937585371807
39
33 4942702191977023686
40
3
19 4798501354503351694
52 3242680676898922385
4 5430807346684322334
91
80
21
94 7191222556194538188
68
81 5561931844616309584
37
64 D
55 7558880784067114817
67 2624370312734473275
77
1
98 D
16
59
92
79
85
94
30 D
4 9134550470960858400
31
71
78
78
23 3970277733385495010
65 D
73 5519543441274378122
81 2350546514316575773
77 3114599057307494946
99
86 8590895199338280114
83 8028889116173152646
86
58
66 D
42
71
62
61
38
65 D
37 D
93 473395546636551976
84
67
70 1233084834954607263
7
8 2880543253948112886
62
82 339223630584513217
69
74
17 D
24 3836277164651978510
6 D
22
11
9 8848078734198716474
88
64 D
51
56 4378281319485964778
35 2140090804776763821
61 1168605809920669228
15
98
11 2115809357340944261
13
7 5135872050033621649
89 D
82
60
86
36 5333752790336395275
49
53 D
53
93
89 8135270249901431690
25
76
14
91
99 8298613215530027131
43
78 8818420924042284317
88
80 2841473866355062946
84 534820162486464453
32
89 2464800844681440501
90 1088334527140770812
84 2832061444572129992
52
46 D
20
6
94 6456088553792583571
37
39 5773286139179904125
61
98 3948965075116096915
7
26 D
59 D
90
4
99
18
24 3362877295124347465
40
22 7948506281939478991
32 1464621201960218532
15 D
47 4773515301553932998
38 148380627079828370
58 D
27 D
54
80
79
84 3362688372252229759
58
81 2621404529736722647
21
70
3
2 D
16
16
76
15
60
43 554048894534111563
65
34
38
41
77 6699109732911014645
3 772120796469254048
94
73 1833212098844451021
67
92 1915183501639062609
68
5 D
59
12
48
98
32 6862965709197796021
19
7 D
47
33 6406714030304379993
88 D
82 D
52 D
6 D
86
63
47
19
20
33
57
41
13
38
44
12
22 D
38
57
50 D
22
73 5640322889262351690
84
30
48
25 D
49
82 2921493169868683499
70
51 D
58
21
91
99 D
1
39
56 5376058173689407821
13
17 D
9
95
26 8175534071643409355
23 1404751342675555203
55
41
86 5754058191158863928
61
56
93
49
4
84
51 D
15 4540322129649853362
82 D
5 2389774469851549041
83
48 D
39
91 6912799268505469417
1
31 1946457248706444917
92
79
78
32
37
51
57 D
15
4
7
62
88
5
56 1211167340822104487
25 20838140283275541
19
71 18209434032488868
22 D
70 D
100 8713141385328710320
100 2039601860216900658
1
55 1428989156952157424
97 8611660804837165673
75
92
88 1582615104486598558
39
74 D
96
93 D
32 3150303458403504612
21 D
86
74
97 3023159571248732613
12 5608341815559542433
78
49
81
92
43
97 8844219151846110875
80 3398504509885326681
71
55
91 D
75
69 6687433831796284042
28 4292879725614148878
32 5154654412358604097
43
13 6221213846795675514
27 196053424864310593
85 8427785294655032465
76 6702954368673963643
14
5 D
91
88 5807194176967292879
65 8089169367124535811
55
81
100
34 D
41
83 D
65 4127650984649786332
5
92
72
72 D
28 1360332668703313234
32
23
10
28 D
97
73 6940057795827670508
78
84
33 D
9 6041687034890757821
26 D
84 4665165104980236324
80 1620991240429152267
90 545289856811780598
88 2810618204528607712
4
99
29
74 D
65 D
80 8571407439235102456
23
51
99
4
22
26
97 D
44
19
38 4123953982826035369
95 D
3
94 2709059505411528
90
6
48
59
58
90
47 D
74
57
78 398652399132224192
68
89 5673088173448507368
54 D
32
17
17 D
24 D
98
89
50
57 8535935467924476642
21 4326958666869050459
10 6097658586591512600
41 D
29 1823276032011719992
77 6799311810953921478
18 2697001981679819081
85 2778229899525797613
75
48
88
1 640183650188151846
78 8035575896568855826
64
34
48
90 4262031869985153134
64 6470536944517265569
97 7879544557275957725
97 8980280579509556064
70 D
26
97 D
66 8586782844764902736
71 2215469517922539403
78 6474887540863917734
27
7 6779697385993948869
68
61
12
18
0 2475677935115805897
4
26
81 D
87
41 5548490219620037619
77 5795070448404530926
24 5468835363865605124
53 5027415225045897864
66 7645329444523677038
94 5655553044862656650
100
67 5201627569070714454
50 3366719699109806748
37 6142699121765612192
42 D
49
57 9138160279743388747
50 6829258401285150046
7 D
85 3951873012021034943
73 D
71
32
17 2035716907711799318
16 7882065818036247216
46 5393847919289314390
84 2592088602826215142
94 75495389921589931
76
99
16
48 4049674253723117809
70 5677446449084999080
37
3
89 2781388575512639276
85 9093833408325693281
47 1534214898011679077
11 7289292777404465785
99
65
26 6420846216557719262
33 D
29 D
17
94
44 1897836529738469813
40 D
29
45 D
4 D
21 7344079371574037063
81
30 1239730509697448740
26
50 D
94
42
20 D
73
73
43 3404027608807049807
100 3284477549092887174
70
93
71 4751489116870437958
25
97
26 D
65 8709801948635788623
85
28
99
89 2004245762212127915
14 9114709998141990849
11 8392437270511679316
2 D
37 2501320864120349284
56 D
91 8200121678575467839
84
91 D
47
93
7
42
70
89
71 6481490908408837728
58
46 3880987009060880896
45
40 432171577446527760
48
69
9
42
4 8263932715244358143
87
37
56
48
8
72 8528073373386300203
30
88
57
81
12 D
22 4984600271795995936
34 3528835971021884219
39
95
69
74
10 5022214299624301746
19 D
83
1
91 7450453725997697620
67
79 5942994114987596736
96
40
96 2164879803299872681
56 D
45 D
63
71 3393356474310726772
81
48
36 7938122974642352009
13
17
78
100 D
76 3260819736990342850
75
94
100 D
93
38
80 1780651305707364928
57
85
14 8925024020726781419
22
49
89
58 7332525051314381768
19 2345661890331851772
15
57 4287128207475992166
1 3343298194019065619
97 9114809765007529611
15
26
81
87 2218141633512036106
30
41 557844489254592191
85
48
62
58
12
47 3898293341566124952
17
39 D
18 2783490118314713976
85
99
91 8597184309566669702
10
10 D
100 773438440167959854
7
46 1744369877969572757
36
88
49
59 D
5
42 2045591577712151869
25 1553587844395859392
70
15 56618531583259193
76
7
56
70 4559510496133687324
14 18100198101387876
84 D
7
67 6001809468455576742
20 3817818626452853243
33
51 5598253836094718348
6
60 D
5
6 6167030564669681878
36
23 6802800577543659808
75 7581754244917343921
98
47 6667005501283041545
95
11
71
49 5281959951342239293
34 D
49 5169821366378796639
53
10 D
76 D
45 D
65
69 D
91 2781283396643816196
17 3999046376753074770
16
23
81
20
45 3326513069992420398
42 D
50
52 3456427414966474446
68 D
16 6635643915632477709
51 D
2
6
91
4 D
62 47681433854185416
37
48
14 6172614306621354513
48
36
81 D
20 5513257959324395494
12
79 2137058568795702505
3
11
9
67 3882873981646289232
50
47 8548998045944906138
35
60
10 9060199338147172006
30
29
38
5
61
77 3349015885002384406
47
20
91
13 7337060750510270232
99 D
87
42
28 6956719282605358129
55 7654844289568325636
22 5354374552123558235
69 D
94
15
2
97
81
58
56 6167493243832900355
41
66
9
6
49 3943274432459463980
14 4157633406480090939
10 8119836360546095767
33 D
30
17
65 1410433178017669045
97 D
16 3978547324399771655
91 D
71 5506876087592213356
21
30
47 674948011725040796
48 D
28 3630310677494792465
96
21
12
60
91
22
46 D
31 8922141821087042073
79 4948955719452108231
56 7909110809042873291
34 D
22
84 109301475648854089
25
78 4217030677477407803
30 5502577857218648511
13 D
32 2188543685066593737
87
72 D
59
30
34 D
66 6377895587171231425
46
40
20 2830793084964692309
92 4009476595476879420
94
39
25
92
53 850300863056742736
88
98 D
67
41 2391172970038794022
31
49
28
5 7644370772040826593
53
99 D
53
19 6330171120399971502
86
14
63 5914189292426906389
24 1895420949045599937
47 2985303590353793492
91 5897277784245796676
30 7795730669212717597
0
58
60 8413668143787971924
69 4713159443869351054
10
58
49
29
49 2496473395890473290
82 9145811764790429546
3 5229580808392097856
87
91 425181671722509916
66
4
66 D
91
88
44 4912583363073820871
65
49 D
14 7255118595862039785
15
45
90
61 2939055552675551631
86 1969221205123618415
35 2302553156678719388
46 7178640192838344595
43 5668620319669751366
2 3456324837551226584
72
26 8962109904956447005
7 634422665106906731
91
15
49
69
25 3738701133032985974
94 D
45
74 6595304268000513030
86
51 D
18 79187103779659746
1
24
11 8210084723722161183
38
94 1199575560284960623
27
23
65
66 166233028739045567
31
0 3735007025198586769
99
18 D
16 1110865965342783512
85
58 7049532888857234872
99
83
22
73 4108605718880027005
96 4212020247941635058
58 8295847827501491705
38
62
93
12
92
87
2
6
25 3980363687314721136
100 8130776860495948
53 4520732388993030492
35
95 5446814333142275786
99
81
79
31
60
74
33
72
24
52 6969793150264142754
84
58 1673316780888866161
97 D
72
14 7917910420269963820
33
100 3805729380730913800
54 2179744118380197517
21 D
51
38 1592809024702328303
23
15 8541847545187408403
85
82
47 5497476824150325209
100 2990894438801109552
93
19 D
64 6153087794755281685
25
19
33 D
28
70
37
63 D
1 8289628825398525955
10
51 5902253128430723087
96 6505647850212680090
32
29
75 D
34
58 533971336831028313
12
52 2718298184591671095
10 D
1 D
44
100 8966523680710781122
4 5014018347344776246
44 452458038113923796
30 D
37 2248560641568936705
32
19
26
74 6461042637042953944
62
82 8743335609227677947
15 934390760900654919
85 7181300339690964242
88
97
56
43
51 2286113867388562193
60
79
31 2270350327969405883
50
54 9052292741304326938
45 6231841153747377105
54 D
0
24 7109684042451844120
28
41 D
84 D
91
44
42
96
69 D
82 2991197024177534996
93 8518265023916593565
56 6095645649060798401
65
24 D
14 1762553464129533936
93 D
23 3518017167491799495
96
14
63 5846930587145970968
71
47
13
91
33
50
15
83 D
61 7177891810774851913
45
29
34
75 6521766573759436004
77 5830074868698290066
66
23
36
75
29
53 2532220827206991104
20
5 5143120343127709267
60 8766761999182677862
27
38 4337271627449152868
42
13
81
8
62 6084414176661948740
60 D
82 D
17 D
26
73 D
7
47
23
11 D
50
87
43
90
18
3 D
95
44
79 8511821675484067210
42
41 5882161675923917194
3
41
7 D
61
26 5708722800991503499
17 D
10 2518487437283038212
17 D
63
73
63 D
94
27
66
41
87 D
93
3
38
81
89
16
95
48 3798415691704701931
36 D
67
94 5649713590166262057
18
12
90
44
85
61 3633007810056690853
87
65
94 1920979133152527765
8
31 D
43 650170068318357926
54
35 3392833866650520265
34
97
12
15 1578237163790786648
40
88
97 8946806271755010629
47 D
61 8311591889405632304
54 3377353584628786892
64
11
33 2844412215495303102
15 313437942379596192
44 2470839450596590312
1
74
70
86
86
72
75
100
50 87706267959763540
48 3492512751226251493
38 D
60
60 6890765912245946398
13
48 572459129931678380
52 D
39 5420431092454416905
10
38
92
70 D
63 8228654116672085655
95 6546355659772239240
98
39 4807903223608419724
38
17 5051583868781887099
25 D
26
29
64
34
73 D
24
42
89
36
58 7789666170645761451
66
17 D
80 8967307672633757251
61 7873770463534154827
79 D
56 8565471758810219698
78
89
16 1704017254228925309
88
77 D
67
60
53
44
9 D
6
73
48
48 3430859719140614808
42
30 7340407710027428067
55 4677513877732312218
36 3857802872556553381
13
32 D
15 D
76 4593134040632511940
53
44
54 D
93 D
11 7654462894012516003
68
6 D
82
27 7850585639156754555
90 1292390561882521258
70
30 2780481680857073438
81 2928614705288415754
14
41 3153139800475131425
83 6192992665203891696
86
53 4882444054460306947
55
13 1950119503074717210
92 1521974414412328716
52
78 3287353243001189248
75 D
55 D
6 8371619944665287222
82 D
56
98
17 3586028402706120700
55 7895586159865524600
0 6570388053182521483
65 1196117577049291992
19
69
13 D
95
8
23 195331393468610776
50
96
29 D
98
36
56
99 8546987490685771020
9 D
49 D
75 8940641502796238688
97
75 4404382027343268106
41
8
29 D
17
100 D
91 5741385230260266817
32 D
38 5494890498863551454
22 7861118523497925228
64
1 D
47 1602662449308765104
39
4
45 1658238098283164698
25
78 7334886872408066450
83 D
100 651609274175378529
20
30
8 7360560894574520511
64
25 D
14
12 934152121457103157
89 4452152484238325958
58 4735306801334952559
56
3
31 9144505212727164009
89 D
50
68 164032495866204012
18
47
64 D
95
84
97
28
46
89
47 D
40 D
40 8486879997468133085
6 1845949785975720956
68
45 1348717407305500911
68
10 488878412645129485
39
18
87
97 D
47
68 7906528810150713713
25 D
11
43
39 1974380891867379247
40 7731868109743890430
18 8425997119937592277
47 D
22 4317745176965928244
21
81
51
27
47
24 D
60
99 1736139713062703907
41 6031947455989268172
27
18
94
35 D
30 D
37
31
43 4806505907584128535
61 4557344167119462212
7 7987909818721788233
17 4137948028937746496
96 3310338708161533545
3 D
34 1327931033641801591
79 8265871480184416847
71
71
35
13
64
90
32
29 4644856544234741026
82
40 3619133023399566288
91
98 2497108548751542899
31 5289716653679846480
20 4161621723157961886
16 8382847090148447959
59 D
72
96 6026079796089762131
80
34 3937663583883857424
1
63 D
3
61 4528612822854703044
31 D
54
33
2 2105514462644574143
13
91
3 6245841512202357364
28 2880581853398878228
60
34
12
0
56
55 8625116928653969365
54 620338789913035834
42
9
90
41
49 4338612753948594895
12 7791262226405860823
92
87 D
15
98
92 4460128275337538935
88
40
64 9188206369875784125
84 66710108450159999
67 1795977972235013557
47
81
95 7948724390179931687
1 7553392866850856006
94
61 5479153589372592300
45 9179559059695236772
75 4687851166985722869
9
17
76
10
18 1996549293248944507
81
14 D
51
72 620620192609045948
50
16
67 5362716192769357875
8 4225947886844215404
95
0
45 3094762298283619535
86
22
3 7140678387343472107
51
5
93
80
0 D
2 2996400327640361170
89
93
89
35 5234581395013179700
75 2001598401819442484
21
19
70 D
85 D
71 4034622352038210816
44
17 D
32
83 9014706353664759280
8
49 D
61 519564870010511104
23
66
70 4666116504612527547
23
35
4
61
48 5040389593569953173
60 D
21
19
41
7
31 D
46 8601262544937252721
43 8848888279579303933
63
1
30 1527364477065889409
71
65
20
58
74 6038487054708721394
37 3653108867401385827
47
56 D
35 2923661033707373256
78
77 3419853528801493884
67 1652459154793252563
35
41
40
98 4959115085169942746
19 D
17 D
49 1375972277277600613
93 3700825029739287498
95 6856029913705413682
8
69 1140692152249882321
16
71 4220210349591576544
21 3547902122435876292
14 446431132410260960
3 6628328883936045680
89 6962241684067114644
26 3380935507436885073
76
20 929479823544898488
45
53 D
22
29
69 D
48
50
35
9
95
73
14
34
4 D
81 4449188384504735904
18
37
39
67 D
99 5318553158767901237
54 6805213716688763550
80 489250079403499706
21
62
83
42
75
93 5252837810391859057
77 5003413798966835569
54 7143383050376767904
94
40 D
37 D
62
31
39
90
69 D
25
64
22
44 D
86
65 D
68 4840887252116053016
70
56 5660811272379165231
60
45
94 7712557674592784224
41
62 D
82 7576093007419147873
45
20
66 D
40
57 5792718230793548639
58
25
43
24 D
22
85
43
95 D
24
21
24
73
14 D
45
56 6846920428218163122
18 4350561804770564347
8 5459514393608908354
35 3121395599805191367
81
65 D
39
98 2124546815346861048
32 D
57
29
63 8735191742671731636
7
89
9 1539243800921492659
32 D
16
33
46 2235100272132802763
9 7781499554204622130
63
56
28
34
64 2974733834095820388
49 D
13
12 3143577982839637480
8 D
4 D
96
51 4535582976022272985
69 4692849240258545849
8
66 8313757010999648074
20 1429560119110759612
46
66
86
52
92 D
46 D
7 D
84
44
43
0 7374031416943259126
17
95
3
44 2516345175375671218
64 8468137139179388623
69 1510600322545349644
74 1253292146906314311
35 D
21 2261019322577242622
30
18
99
52 6343076655914540582
98 D
76 5977102572209584552
31
73 D
30 D
98 D
31
92
87
26 843535522794294397
60 2606723439805939991
15 D
2 7956247751167346709
30
60 260557173885446823
52 D
47 5189523675120917974
62
22
87
35
35
78
3
75
96 4753848842944756625
36
94 4139977715273989484
36
71 6979349836589554961
2 1090465906541270648
93 3654480729427140105
40
40 2201656557379275087
78
34 D
72
16
58
67
21
9
88
44 8081806353479301885
28 8508010465343726033
39 7471427576151611075
82
48
1
14
65 D
95 3667787356278456196
20 5598058398459750234
28 D
56
58
95 3264197667413851629
79
9 3442755908968109517
44
9 D
39 5970832892596715735
83 3401925329528467536
13 7196693036762223507
29 5768167430692364572
29
23 5353260965944272619
24 4700768441610904861
55
61 D
22
81 D
11 1303359114350913811
85 7178163678065755377
70
0
11
72 3066282700445984449
11
97
96 2035175453189861791
10 2252158595296665019
59 4825520413907576829
40
74
71
84
48
77 D
62 8782184030664839579
74 4146977647905517483
89 7480840205552901115
53 1578565251461583008
47
71 D
43 D
77
99 2312200937863703834
67
23
41 121048493303807400
18 D
32 6237685073646434137
86
94
0 D
58
76
15 2378002970768696904
64
62
53
49
2 D
81
2 7120662917709184525
48
86
83
44 1885451274041115446
32
92 7951559155906159287
62 2153975225292959558
77
42 7085399401188919769
80 4740899319416987354
15
10
40
91
92
79
22 1162776877918824851
26
50 4022279305436612586
67 D
41
70
80 9051279313588388839
53 8409767310735860917
47 5168208581445187633
95 6019160011081484546
74
44
39
95
94 7034847523822922783
59
46
37 8673948862432549233
32 7322723993978471969
83
37
92
16 D
18
88
51
20
87 5865873205486539562
98
31
68
66
19 D
3 4051714789196933227
26 3865681147929143379
42 5090905399244042897
98 7537047899167938228
83
44
70
45
53
26 3709737825435629390
29
33 8317020798706774626
100
16
27 7027035778807357054
51
16 3440865149974379122
67 8043290963103642240
14 118936916427531769
46 D
42 3726960945345873077
98 4651931241877941250
86 D
88
84 4211660555221800269
19
58
10 928546850564373526
1
12
83 D
22
87 9132558717205963294
38
40 2280130436418490732
48
76 6517082746490811616
87 3823638892363756212
15 1522695841345422435
64 1622796703619330204
37 376169298093035875
4
51 6871479005783041579
54
74 D
48 D
88
7
55
69 D
7 D
32
42 7043448403465324475
19
83 7642562604164878313
69 7698537797661325424
89 D
97
30 3113215759698427744
41
89
31 D
30 D
66 6671005057590786166
48 D
46
89
2
66 4266359286186452904
24 4160390467192606675
54
64
78
83
76
76
30
33
34 2449609700885203296
58 2064052906280411584
75
21
0
47
73 5358348693123274863
57 D
29
95
37 348155693904632034
6
37 7884270633451977272
71
58
90 8087949638173683617
4
0
67
38
98
93
8 D
6 4412993231357542173
10
92
28
50
97
22
91
61 4004090567377095115
83 2936964514516868709
92
91
77 D
85 3817133038031295958
70 7255593641388883188
29
70 8131201458409118681
77
72 6687023059490546748
67
26 8559036889311244483
84 D
89 600959845338758288
47
29 1190944611340157
12
59
41
10
94 D
59
67
23 D
42
5
30 3951941367055935265
99 5433227504542505871
62
95
55
6 4200785891149124555
7
27
56
25
97
86
69 8707450893183886767
50 D
11 6567835905692433586
87 D
86
98
4 2592269336977434730
42
70 D
66
87 8225971232304889045
55 1178356739030425869
47
11 3542476392836452126
68 3330106911027257849
94 1397405683104221844
20
36 D
69 3860125824500611545
68 5050535956973823151
30
88
38
89 4275130708589997640
55 5632405902095761824
80
86 D
36
2 6657338441831070444
40
80 6848358645795210170
88 4555176127604164155
49
58
35
55 7542238790807389245
22 7037677859036326883
53
51 8224155098694500943
60 D
18
3
51 1574639066671307283
99 4967856968270049423
15 D
96 7645232185110834237
30
47
99 1224133013330266846
5 D
61
7
0 1472740496101465010
83 8299480561009995087
48 3664440552784563007
36 8299747449500497287
30 7491331227369316568
26
7 8586020218780446609
59 2160064569648339113
43
66
10 1030939094853552135
13 2727190625865781968
60
65
47 3303504255718728930
36
95 702684252347161001
24 D
42
44 8582211033539596835
52
96
26
72
66 8406032664747484229
16
2 5689757187217529774
59
27 7044471144996236121
91 3069368638821348312
43
59 8764366487508131060
30 4154738028321860977
21
7
73 D
59 8398392405412381817
64
48 7922505367584883040
32
99
35
46
97
61 D
12
95 6529347956733061906
39
8
22 7509229945665305257
50
71 D
75 6101189255783709582
63 2692099691595158031
52 6112036732096180975
16 3943145253800075048
74
36 D
19
86
99
31
4 D
47 D
37 6971109575631251699
63 5128615850342602920
76
20 D
30 3262819263505351149
52
72
3
3
81 5880584825021839310
51 D
89 5368560454797302160
81
89
37
90 3776046362734018221
78 2649601066518083912
98
30
52 8791248009618836443
95 1832253133333372662
29 662812996824624808
56
58 3888817634650985242
54 4751978852755201290
29
82
80 8841652348645482125
4 D
88
2 D
19
36
92 5568980665141029750
15
19 3211108251691811962
49 9085567383039139870
97 D
90
81
58 838684081633526509
98
52
26
17
83
75
73
12 D
100
84 5077110764135912216
90
25 2498399112876289990
43 422025423174906390
25 3951614416540170966
69 6526396865059356076
96
18 D
8 D
68 D
92 D
10 D
12 1587716573071473240
85 3330698094560144076
56
3 D
32
98
71
65
59 716079533376795622
66 226246955265218831
39 7563233775441422889
33
3 2991836024185876800
63 3309405654740542898
53 D
16
100
91 2935911985783081566
74 4203160833919753206
63
4
32 2797870468003174821
17 7622514143560308030
57
93 D
78
89 3281408921413499388
33
99 8190822133485052555
65
93 3220734617959663351
34
90 6138189327962648459
75
10
71
30
53 4783606078167068344
35
39
18
90 2525187497803917415
82
12
66 6808379832022436097
79 2748589581004188976
51
62
31 5493743435835044690
13
44 6586319917816004421
31 5221521016917597210
51 6764854713075694440
95
55
84
28
68 4495739345746930531
67
80 1884034816062683526
4
35 D
95 7235644883776188727
63
18
85
32
30 D
87
37
81 4894432119329962782
13 5167348644472600314
30
82
97 D
1 4700147814900742914
10
37 9210678385972217870
91 6175207374664455091
97 6422941825342907634
90
11
96 4317941883669802603
70 D
97 8297274331426045864
18 6343275927050027602
78 5163407536660427857
12 3324608524273220395
17
31 5407206224147559859
5 3399724047907983078
41 4437967657178895639
67 D
22 8773031223377350725
80
82 D
12 D
38
66 D
88
35
65 5860822785755359597
34 2681759586770394261
0
3
39
8
15 D
47
89
1 2535337681506322416
95 D
99
89
97 1259413408551802443
83 D
75 D
32 8873399731354992898
66
97
89
33
17 3712814154972904962
30 8761230246347226556
52
3
45
75
87
7 1883525747747294442
1
60
14 57902053139068313
96 1677793140080082273
0
53
11
39
52
34 92865801636563369
90
53 7349904513866539696
59
48
28
56 D
96
58 75370361554777437
61 33888530335409889
67
50
32 4703750216110450751
5 4980501319562967097
53 2526724524682427940
16 422914268752886199
85 3107838442210427970
51
96 2913726720834592586
100 4490352703379240962
33 6635931822444308727
98
60
61 D
5 2160182551098481721
51 5641757365361397417
16
68 D
29 D
79
88
34 5050394015474136757
28
97
24
73 D
47
22
20
89 7290475000076078918
13
61
22 4851458057278744471
57
79 3397594242524261654
58 6760810148560665099
59
41 8760958739501639047
21 D
42
32 3845748773795832424
17
30 506378718797725955
22 D
20
91 8454958454359926263
80
72
43 374832860447022965
74
38 D
23 3619512625923851790
5
92 1318841785589270736
67 6098842764637077006
27 D
82
10
63 8351935604542165516
77 6086012864968774449
40 2500707702891808353
64 7448119640586082089
66
62
86 3798545820737717905
86
13
35 D
31
64
80
0 2207344338077832978
72
70 5082318310952710335
55
76 1402550108154206178
55 7243611208047983217
71
62
93 7825006533924702570
57 5396103200954355505
64
45 6843093378197679194
23
34 6601844877413162471
47 9041591653164971956
13
68
49
1 D
15
86
62
73
77
39
15
11
91 3387873070493366868
90 8997006379995530874
37 5695034192161606262
6 D
28 6029565058147448476
66
30 6274963972150327252
15
32 D
84 3730694575478957607
16
27
22 4987567075504402275
43
86 9159931702127215253
85 6075519463247314259
70 7800817764243640474
88 3869246784427210434
99 4610633414845839174
92
23 1195138784337365998
40
40 3146758555063985008
83
36
87
52 3278801613699821293
73 7127351384862728247
97
67
60
65
74
88 1448253618135829638
27
36
51 3274329452146327765
45
47 1745240520534398016
27 2605469479348747032
53 1753104952517921254
70 3396373941144369380
68
11 5189015840254691966
77
9
33 796347688459517778
21 2241391319335723789
41
85 D
36
26 D
88 1679798667411214721
95
57
16 5151111610794935895
36
67
54
78
4
36 D
50 6802161228569914836
45
63 2697424462785626800
100
74 2081665066882355278
7 8953649049849045177
66 4808175683357824322
19 D
8
76 5469299247040163416
87
11 8163887897218536284
25 D
87
11
29
95
1
10 8125741418402546017
68
68 6913902931004532409
51 D
85 D
45
28
20 4258586000567183184
87
1 240607477868043353
38
36 4457505098195775850
32 751315382119803955
27
100 8084114779979160074
53
91
39 2871000100084888403
86 D
85
78 D
42
4 8607310066704976403
15 7745876219105210164
62 3096908695132317918
13 D
66
34
49 6310603969358457456
65 7161946261807106452
71
8 4601998704788106605
14 4284066817863496235
75 6033751133518090926
35
11
92
52
44 4175646495515411743
13 4645041003531759452
47 1323468817839195992
73
75
74 D
68 1706741738206829705
39 6428262422567632106
64 7239054162282198826
58 D
3 D
48
45
79
66
16
16
62
37
96
25 D
56
77 973000824316832379
82 6254708967925850013
43 9035795326644180162
43
25 9071201683828287921
95
32
56
25
61
4
37 D
92 D
51 6914724723235892464
97
82
81 1645233569977733986
38
83
61 706612612595646570
43
61
28
96
94 8307993946370711034
37
61
30 D
35
53
15
38 3010475608156134860
53 8879882829146519335
82
76 4781119050627861712
17 D
84 3485082838916810644
52 8104643968884672624
63 5783882339832037911
57 2062763589329914691
93
44
69
86 9105929666223062001
5 6847537835494059528
94 D
39 8230379571589591761
31
86
20
87
43 D
61
45 D
26 1063643606227920728
31
89 1182058991265113551
55 3268584206128757081
76
9 4754410384573908878
40 5567045819693618840
6
84 5429216342841193397
26
10
72 8520258239339335257
86 4285062583174471897
91 5088399697901345897
2 D
66
67 8887504243574982793
65
100 383747550857092981
91
75
75 580071142787985150
84
11 647039003010400273
47 5813179459019405399
25
80
66 D
96
46
91 D
11
89
57
2 D
46 6445177809364977137
16
97 77603234146039997
21 D
86
83 9094839084171458501
15 3308295560854938645
25
4
3
9
59 7408069295645255528
89
8
69
4 D
16
95
1
16 85530059828468828
22
5 225966160903087874
8 D
29
5
44
67 6970721639288482765
32
48
77
20 1855680349080372495
34
70
14 3451790882522525167
64
73
72
42 6927989941082887490
1
40
34 393311539949332353
58
9
25 2515290541446099536
19
55 5813366925776880243
16
18
13 D
96
63
50
74 259971355170817077
24 2643695297995390631
3 3572345715947172223
52
34 7546581275496250716
14
99
95
8 2469819867446053398
5 7455783010648843191
27 8430432021182634060
8 D
72 D
41
16
46
57
46
34
65
21
53 D
51 758363271320563261
82 7178360922994099843
8
27
18
41
85 D
70
11 7363593859643462988
15
3 4634147185264988911
52 D
80 8982100787597192807
4 D
42
76 4030124299927762082
70 D
51
21 4369545956152236158
67 8766489379050652447
78
11
70
14
43
64 2248377974670696747
63
21
75
52
16 1289470047604463289
60 D
97 D
20
93
57 D
78
85
23 5520349457673486764
30
38
53
99 1575856984030921198
15 D
48 D
27
94 5371333240837474398
91 282346448911246029
100 D
20 D
77
57
53 4560176485858910096
73
73 D
5
65 D
60
65
16
80
25
10 8582801271654003631
56
2 D
62
39
9
52
39
1 1618828654541642755
33 7325469204571450370
63
52
20 4499451556176877723
73
95
12
64
35
54
87 6622718961736841082
68 2979960473045776883
59
60 6393145500579661874
81
74 D
41
49
48 7247183463817696030
24
71 D
74 5112267084860360249
59 1745688411401361501
14 8032010139835404164
20
29 8821842383537236922
80
99 4640898597015731517
88
59 D
9
82
63
49
22 4278037327118791992
29 1436840976981263761
63
52
8
91 1135885247413630166
18
45 7993939894025645073
40
12 8793957735027128077
4
75
82
95 2412825757966360613
56 D
81 8097901682547094475
82 8504992948861731928
14
26 434610538994057825
32
14 512926292100818242
74 333298824570523524
8
83
21
68 4506198353697834387
96 50090791042278970
84
58
78 2393196064202545443
65
78 4704736587045052973
82
98
13
7 3821961433919092090
46
58
21 7970169226532737152
52 486701511575251941
47
12 2305168809284852521
11
92
91 7484202186334238895
7
15
4 2299042870261189944
59 3740975328887882530
77
20 9058372760953436207
14
69 D
77
13
76 4094089480976855207
37
75
88 D
35 D
32 5846781969437230249
98 2877592606494607919
39 3713597213588189387
74
45
21 D
71
24
6 3800172195950237606
24
1
69 3507196036237173325
74 4785450311074780152
86
11
0
68 D
73
98
67
66
63
70
38 5776749180198593073
20
28
85 500975614318303958
99 4052947555768704315
82
30 2352685577293227824
19 8024001986362460181
32
54
11 3950538653555930963
42 7188481419943320456
20 6315523389464833966
39 4400841615807696976
7 906537925587274011
25 2666616563780336712
5 1511636543985290045
48 D
30
69
30
72
67 3803399392220618157
60
91
90
6
88
58
4 266877620458511605
13
85 4802269738856767778
10 7761284825104692274
37 7380372762985016161
40
12 7494728975770081915
11 2206074706404054038
30
90 1072702667629976225
84
77
92
5 D
7 297115696812958256
93
7
20
14
83 D
41
17 3886476854994172844
77
61
44 5274381019011878130
26 1261544026117056058
44
18
87
4
52 2755521067854860204
5
20
11
15 6119401130178498775
47 6839342770198067645
61
14 4094677572865832031
44
22
0 5912220667707487645
49 962705062599113903
43 9121596629755795106
61
6
46
44
10 5167474019612747517
15 D
22
49 4170468814375805360
70 4108366127160528832
68
98 3604149490035341251
61 3759480302540657850
13 2600960854483577104
74
19 3341326059177727240
51 D
68
30
33 8035891925594499582
86 5871106579162195134
84
95 3642229719413328141
46 2342933751355908413
99 D
79
79
3
95
85
51
11
20
1 D
89
85
71 D
22 650838754274768917
6
10
1 3163226980259202658
5
89
50 4024988984989548883
91
65
69
37
95
4 7253988049336179298
74 D
89
6 4102674356660740252
58
31 7234772450556162542
71
48
96 5780641826512400372
30
5 5489402681846065567
98 818779703403182786
46 6198501088373595996
15
17 8968732387071435753
17 3164427998786119118
3 1307032059187457409
66 2328164538038357750
55
21
65 6769864328590935859
55
45
54
41
23 4114646478284946868
94
62 152233385675213560
34 8083215013481796584
100
18
14 D
55
55 7268711974894746059
8
2 6427115565583226585
73
97 5819639701490585022
87
8 D
50
54
40 3910902352381253436
30 2796624657613028523
75 D
97
63
39 D
100 6596272528584355104
12 5816800915489422057
20
55
75 D
59 D
59
50
51 D
91
2 4004746428443922237
96
79 4740413877612345156
0 D
71 D
87
13
21
76
75
3 D
81 2661667883967808730
94
63
90
66 514833507129237988
19 5361506498332228019
69
34 4523154262405991745
49 3094694775072134142
54 4594222581720157810
95
63
47 2136291059587576423
76
94 6386217337111492770
84
80
25 D
24
41 1379062495634459074
24
5 6259708829284685415
68 3754541025386153082
23 1382620292801515602
24 2185514978046186952
86
96
11
65 5515853198670232719
87
87
71 8329063277317684679
100
13
41 7749662525669404506
89 874810573367757564
86
53 D
66 D
50
46
97
41
45
68
4
65
52 212357280549997978
56 906301101153010379
21
72
75 7941276263504843031
74
100
23
64 6407668201191457012
93
70
56
78
70
54
0
61
23
94
13
20
48 3413317697521558225
26 8604031743353574949
62 5338492617094016721
0 2427151764801451159
19 4867926306819282204
76 D
63 9133849300005856814
22 4334810265527181678
7
81
43 3865633043409106117
33
45
20
6
49 2531819327252091646
70
68
40
85 771683316128865743
64
63
25 D
48
42 3536367573367359362
85 3029050530214528178
31 5878406346961197556
16
27 3506933991918462893
54 344287460363476155
11 D
69
93 9032234147894743078
25 1462378134984586098
60
60
48
82
25
100
58 3329682648288376632
31 1158951385936114924
24 D
37 7450287233788994888
17
12 252156425898678529
13
68
78 D
49 1107572405805271573
2
58
68
48
66 8368200631942625515
13 8616710272024226059
2 D
23
22 5918863616915333379
23
28 2721309899895341211
100 D
17 D
18
21
72 480640689906991622
95
37
65
84 6030304328909891157
44
42
97 6261229374539549052
65 D
46 D
16 D
6
17
51
75 D
17
44 D
22
33 D
8 5715159061477746453
81 D
41
87 1944106424540625268
19 8006575736288325498
68 4859632833698523156
47
73 7753311679572288857
30 D
57 2436825602293195264
29
33 8161883790679189430
65
41
4
12 2023787589027922965
21
43
33 6626846447356839657
0 D
68 3977043826494305102
43
36 6534075052736322856
57
78 1783422433558110187
82
88 D
30
38
35
44
40 5863781263718048857
49
33
87
5
33
80 D
10
73 6278850651533296743
78 D
15
20 3985204391871861094
50 D
100
29
79 3005742692617163908
23 2438372081678931201
81
37
25
49
78 6661269603857012723
50
71 6077620373856515101
73
13 D
16 6660124981367097277
58
30
35 2330880758238078017
83
62
54 8712014703786904366
40
26 D
86
19 7052295492007214046
12 638171317521782703
21 7492482182381826510
88
34
30
21 7920338918709161714
40
73
44
71 D
56
58 2232822473578814704
72
54 D
89
67
16
42
26 7281892349930924334
73 834746451254452393
92 D
37
49 8581905759328108357
85
86
98 3969742041375797996
7
48
59
85
55 5354170752037560449
95
0 1313855243965016926
71 D
6
37 2773924178917732702
3 986741641003138732
31
100
18 3995767589937980477
61 7241002072783406724
25 6568916862330789395
18
4
12 D
37 D
73
58 D
4
24
13 2724564419699721291
90
9 5343854107006094820
76
52 1220757366828635934
77
74
66
38 7305159934992472882
69 3948520708738179704
16
25
83
66 D
43
18
30
71
38 7570022262048920347
40 2033212330739342983
46
13 D
77 1638094844004886835
63 731221415469539557
65
81 7964336341044984078
10
34 2091761599641702668
72
3 918844367756648269
58
9 6965212945394977536
12
17
77 3505280407169422008
66 716185145314012429
44
97 8370012282104890873
35
36 D
44 D
78
64
23
93 3368557585622234107
54 D
40
94
94
52
57 1630524504775650804
50
43
87
9
97 6623177915017939285
54 6883025449851298716
14
100
5 5690648828703660843
2 7827942494206717429
9 D
26
13
69 8098737130468438058
90
79
62 909402834486610329
52 D
88 4290424627599255512
78
33 5429679971351905992
80 8489053607134693089
76 3450468991324388771
32
32
79 8328646269998523624
35
9
61 6706305966647301337
70
27
7 4413438439325789524
45
69
19 D
18 D
91
33
1 6125605180704923564
4 8091982862741059080
76 8614318516653108512
52
35
25
77
59
19
40 D
57 6205210985811906036
85 D
5
46
54 D
57 984703649934410830
38
37
1 1958008939062196858
4 5325483995592039435
26 2599281830848190843
20 D
56 7813962936109921257
4
62 990964452583040305
96 2639527153312006822
96
42 D
37
1
43
32 3147453968745864183
71
23
32 2278955744109566046
65 5953471500530147305
41
77 19143347906171403
54 1971129623552298128
28
19 2143719879048241505
90
69
10
45 7921077475005517549
74 2466716518905215586
80
18 D
39
47
54 7335917614469749440
72
97 3187385946293843389
53
87 3528449418973629964
5 D
42
81
2 D
15 8836964973097211821
66 D
75
34
21
8 D
22
55
93 2688188770216271391
71
52 1697034034703981732
19 301732224819148122
53
70 1363353930557071938
49 8228259904701099261
44
29 2571886982398397311
0 3125225536293755336
58
14 4141563894664618942
72
25
10
89
46
69 8809266796360501249
63 9014981991702871001
91 6360940260445854446
84 2602112400515405093
87
15 3269481956318272145
89
2 239770565417213131
82
98
98
14 4195879081124693206
52 778463044282230107
2 D
76 8313867919444111958
24 8218363056690805586
53 1794148881501128127
89
24
33
89
13 2176235018252709323
0
72 6789851973122884501
88 3002326054427885714
6
49
10 164818398406630220
76 D
2
56 187624779545852704
88
38
62
36 1199607611518031878
12 1118373838133492544
25 3525994137776892022
32
17
46
8 3492514975012378868
47 312814807663400268
20
66 8649451666477325360
34 4508018516586290230
88 8008910220697906588
62
75
76
29 4808611666132809728
50
95 D
37
82
41
38
4
4
63
83 D
65
81
61 3926264500110787483
97
80
50 6819388364888356148
18 4201861182279005835
14
54 3435117346603557681
45 D
64
89 D
59
75
96
73 7553254964931776275
7
59 9167363373220851236
57 D
45 8296265485662133857
38
69
61 D
62
99 7278194602505010017
85
54 D
80 D
92
91
49
17 934230914140503308
100
59
77 8421672248107018631
13 7569128861815530937
91
14 337926761437633334
12
35
44 7199391940304048347
99 4870666174041218223
57
20 545645552957192651
30 D
15 D
64 3742772032018044455
26
66
62
27 9147592033298376598
82
99
85
43 D
16 2623857980910073062
23
11
7
26
6
37 D
89 8105652321743820474
13 2122243955537518549
69 D
87 D
55
92
36
99
84 4180625013256925876
55
66 D
86
75
71
99
75
19
39 D
24
77
100 D
0
67
64
59
53 7774592894674220170
0 D
63
52
62
4
13
98 D
40
49
31 7873684389254320205
92
44 8620152431458835557
65 D
82 1170163988601723896
64 D
20
17
19
86 2577536866316626423
31
95 723353677956744002
48 5947378315000697955
70
6 6185198910631234734
67
96
14
25
25
61 7989627190162203327
43 D
5
65
76 7484849841721415821
100 D
60
48
35
11
35
16 321616263921436988
18
62 650702359998985083
12
46 4372634836381338497
41 2941235819591591832
57
26
100
50
97
17
35
68
80
27
93
58
0 D
62 5235798810191430659
83 D
3
2 D
20
24 D
38 6181284237983680834
26 4395588208712410674
86
48 3674280177260569410
70 4571575643153164697
66
81
83
50 6713153128775143378
17
63
81 4101445326545538016
6 8095698383689999954
69
31
84 5562398603701588830
92 4315281868774562187
38 D
68
84
39
57
40
17 6607429052521561714
42 2080973779789549707
49
60 1074158266956751292
92
26
51
21 7843565395179714041
17 563827585435611287
7
30 1327230050197394724
69 8128445866725483443
61 D
71 D
87
27
97 80594153807607177
58
63 9010978238561529244
98
89 7903698382645829178
88
52 D
71 1621691336677282621
0
9
26
81 4469869064881065363
17
14
18
34 7272574610053656424
28
36 2458362401440467344
7 D
64
90
48 5587072665464207492
2 6121033694045748834
59 1208945186672180843
43
4 831330783240703855
100 5577708252884851397
35 D
33 9148478028297323099
67 D
33
50 6737043366459204364
11 4668323765989524749
87
94 5342963542246070383
9
7 4615071739781402972
65 8872791725844258850
33 D
75 D
35
77 1527578399951291764
53
76 3923557452231599279
33
79 D
38
94
45 6709447604210901644
54
91
61 D
14
39 D
85
43 3124192830001789481
18
30
80
44 9096953666202260932
62 4108887864165901203
25
67
96 1208805660104170565
37
10
49
19
25
2
50 3105533341547985611
90 352255123802658267
13 1031509192572547499
69
59
55 5406312164700330821
18 2136259780888488191
31 3317877468501521832
6
97
41 1787575060461773005
55 7891832802591954479
99 3225886456482716214
1
36 D
67 6115627032504267210
55
10 7729623810662815152
28
30
36
58
45
40 3748809354940630966
33 674061618305270809
56
60 945448884512487980
42
50
9 8176941889783190043
55 8592650431545291242
6 D
12 8270494724468616473
62 7930803390258335877
63 8709689759175678172
38 7133496465446311799
93
74
23
55
25 2143566986539837879
60
16
21 962458666647259630
47
70
52
78
72 5511918917800390576
89
99 6305516914904196500
18
63 9114944218078541929
59
68 8583517189648919528
6
85 D
63
99
75 D
67 8247396001462957559
38
9
35
99
6
82
13
27
31
29
46 D
79 D
63
100 2180382126682500686
80
99
64
100
45
86
26
28
21
85
71
94
15 5036206185667730508
54
92
85
97
13 D
51 D
21 D
65 8015521964225488638
96 D
9
0 7420688977949678619
57
81
15 D
44
97
91 9126963904850965995
75 3385370182415905476
95
29 5702440565437792944
12
69 D
95 D
92 7325063866133945856
21
44 7095144697042550429
79 3781229416200810920
62
92
24 1191759108714827043
45
16 7450241569909615602
66
39 D
33 1749555527719087442
89 8022566914268765244
29 2441913697931547273
71
42
44 D
93
14 D
26 5980900138536243111
41
48 4306485824963045236
33
34 2905025276090830888
11
51
81 D
10 6362459518425913849
85 8633629094787494580
54 2190501297867106900
27 7467083321711413639
17
27
18 5890184941506509828
38
38
55
98
48
73 5138995689931305815
71
3
12 4399538300839887828
71
1 D
74 5216011772338494747
76
63 4809394207407622957
14 8859409137989737089
90
100 1648392623905872677
56
0 6963478023889083015
53
44
94 1118351469180402628
75 2960520914049982201
81 6248883374033997193
92 5018517313907153628
13
60
13
83
29
87 2981476135174992613
54 D
48
90 4886720927883819243
78
30
48 2061970676596424940
78 2448854873873242653
65
71 966676296732410056
87
17
98 8868688067372881007
22 888731047307027384
53
20
82
43 2104018569339363319
67 7130171146430016238
62 4147766822416164897
91 2688778742514718162
29
12 1854973642140734883
98 D
13 D
62
47 8864370146848706393
50
91
3 D
27
9
95
9 7740177009965664194
44
63
94
62 D
69 D
48 5622003549080456360
61 2985302426027316332
24 6510938131757075456
30
75
54
98
74
67
22
70 1267503898926798339
79 5706335694809616346
35 4279519123918266717
21
92 6180496081681581391
49 7424454962511681841
34
94 430067266087448501
64
14
36 1895510777819002768
57 5021520243946821885
66
51
13 7608016628191739811
55
41
30 D
36
76
37 685143345083225752
30 2359986883637179394
65
66
33 5833887783984980679
68 8728980798204943325
79 6887595480215949391
59
100
45
70
52 1314846562076936920
63 9067554729947986420
90
54
49
74
40 3026159367608822939
31
36
11 5053236772387054937
57
14
91
89 9164084174781519355
81
55 6271808997339042526
100
0
56 6125416721241203499
6
71
84
55
65
10 D
80
75
78
17
49
78 7809604093174211316
59
13 3955087476139370011
67
75 D
86
36
1 1287224971089447680
21 8002982747768916967
25 4054135981930715212
32
77
97
51
91 D
12
31
1 D
80 2137999043393853530
5
38
10 8105737132921294439
58
46 7150332941278321347
100
11 3452740693564118917
8
2
72
56 D
80 3162088469293703490
24 4135993282331954339
81
32
20
13 D
93
100
35 7074929715927098686
63
14 3365617275514551698
4
47
65
7
8
29
65 4638908522472859394
52
62 8557847393937322514
56 5542768970731674160
14
44
100
17
48
3
81 3142115486637432511
82
91 2295404577440033153
95 221371450401348514
41 1351646186587262160
39
91 7695143103575470194
72
98
79
76
82 3200584861247562577
16
81 D
98 5056882652092989150
2
99
3
28
9
31
89
35
89 D
33 D
50
66
67 D
86 3970687289760635559
80
21
36
17 D
5 6359575583655049113
98
85
85
49
3 D
11
10 2544160232740149036
56
53
9 127024121578874576
57
29
8 1724141410534246014
17
95
43
99 D
93
5 D
83
66
12
72
5 532783283268036531
62
23 D
13 1258192097134468069
73 6638155228219440900
54
8 D
81
54 838152612389275293
42 7935406509478619686
26
0
6
59 1215641465515938413
99
53 D
59
64 D
61 6181245683949837964
35 7701021686463375856
49 5702700424422118625
99 6584848437010145224
24 7155721294779996083
6 D
15 D
28 1238501856966403846
16
66
17
86
65
15 8039605798814659816
21
6
11 D
72
26 D
97 7901918530479179506
10
44
25 D
97 D
59
9
1 D
90 7419519946675069867
4 8561041917455964976
16
9 D
55
35 5031814760488901388
0 7089837267766700272
38
94 4878413093492714102
100
39
13 6471224525255309471
81
68 5771199681778916715
37 5034005069171429890
62 5336148742528080082
19 7006569290207071728
23
26
83
64
68 8633408679633070214
68
63 D
98
95
2 7952813957151956940
42 1855710605806854743
5 6113041522546206398
60
4 D
55 8828862834867913253
3 8579872545794334250
44
47
25 5533545638119866365
67 6109158521958645401
79
45
35 5221266872216758889
52 4660466939009192844
59 D
75 6388587105384474263
58
37
89 7285005518419514817
100
77 2321034634205665559
46
92 6014769389549402288
32 D
54
67 1178406660261130678
31
59
67
93
56 7719765350062784610
10
72 2561513210114480421
46 D
77 2624004608391106057
81
76 6517920675901653726
81 5346838040900326198
21 D
43
42 2282765209786692125
82 6837495381481153063
77
86
94 D
85 3801850791654580709
99 1289353008890671734
77 8430783384039786038
27
75 7452938304145171622
52 2136794275756220258
93 2793883099058298882
34 D
92 D
59 4518381932146734561
14 D
44
37 5668677811669670520
45
43 D
59 D
46
79 4989352564780330336
49
74 5207950892623807125
55
49
99 D
96
72 6282154576972395689
86
70
99 D
55
45 8513131243521335014
62
21 6141835001847389745
52 6932841341730643433
37 547264617343155356
76 8393020911661360158
1
7
55
59 2343337765700983807
32 4429382799063711839
21
19
12 D
28 7732454370245549797
26 7971740691686573555
66
65
15
78 7658236591042573563
10
13
39 5683960869949650019
57
59
46 6280232919480187582
88 D
10
87 7849306726086215657
89
54
35 3640808976752014998
42 D
44
13
10 7955335809409163282
47
50
5
39
62
69 1576840425445804535
65
83
77 7547026578180645738
71 6698210454503989844
80 D
70
54
83 D
74 5338688309147897891
11
80
29
45
39 D
31
8 2179657985981218093
86 3069064946146197267
20 4287942657778099680
7
75
20 8789377154850542082
37 4307785961457454313
42 3326009769827775084
59
87
26
37
33 4966092085783702909
58
52
48
37
88 D
52 4043978687682038657
30 974792848919158692
87
64 D
69
38
7
75 5309839986941466328
69
75 4134698611452239249
64
93 D
47
47 714479544763571259
4 D
67
30
56 6428511964319772502
4
67
100 D
82
89 6617022613621100448
6
54
56
24 1088341068393285576
86
98
83
51 6692990530689304947
43 6521507056710222548
94 D
0 4262116799921460873
53
92
71 D
26
24 6898420124385297414
0 6792003123398104393
48
4
5
95 D
56 5991486255098919382
38 177550889377726714
97
35
12 5673435724568972748
96
4 3612469279887359694
53 5879765688959863712
87
92 3387658628081877892
87
23
44 D
19
81
12
79 4747214549289550490
71
38
36 1867689313515346071
83
69
93
26
51 3709426596281709071
63 8518436940422671208
29 4674523888826786684
61
5
50
18 2406951716386360933
22
19 8723061336298145557
45
62
0
85
36
30
25
85
66
76
29
55
41
84 4801090461754003472
39 1862220411329578643
15
94
59 6835720468250878320
39
33 3938214277712104442
31
100
59 6552946852213524805
56 D
93 5185747190266256179
43
90
26 D
64 D
77
90
55 D
73
52
58
60
67 D
31
49
1
100 7163124908053044186
100
91 D
56
34 D
79
100 8468641590791962617
7 4999336883305751561
98
39
80
40 D
75 1099607091660837216
0 D
14 D
38 2996703097896830329
37
77
73
27
10
29 4376560689765526785
25
13
94 3525227591913462013
74
49 D
99 1519029663557527957
91
3 3707519937109447442
13 4951133021343386312
84 D
69
93 5532474296376616133
96
23 6608886775990999165
11
58 6037659298524599577
12 D
36
44 D
47
55
37
55 5732855901972135527
11
56
15 D
64
25
5 1603186289724953175
51 5648998162236455905
54
49
54
34
12
83 D
37 4339175230869982474
11 1568000835700563975
49 6993486414330513301
28 3311526893148291531
0 970595125027900454
82 888195171503824011
97 7280692093944778179
87
71
60 2198726397733851534
39
95
77 684576484962537484
0 6546653668680564312
22 D
86
32 7244141468370245306
8
29 8798323874603297837
12 2187120003986827628
83 D
40
98 D
82
9 2421230819701238614
25
93 8267251957134597648
98
87
74
89
81
84 D
95
46
59 D
11
3
90 2467399248785147426
83 3743750503888991250
23
90 D
21
53
40
97
19
44 3971564699133815409
80 680898831260849694
34 8190287233710758426
18 714661008168212351
73
1
38
9
6
3 3732681091712346739
26
66
36
85
26 289246969330742972
91
33 346668848170554395
56
48 D
8 7111726561194485769
37 D
17 3196313118472989034
93
46 7776673802298094159
80
64
4
24
63
90
3
34
97
75
57 D
79 D
17 696864139640674599
69 D
51
61
85
68
45
24
93
48
64 5618397003893405470
83
21
56 2663017609053677819
57 D
58
72
28 2986950946491613066
29 D
50 D
72
59
87
90 5582257284026402755
67 120434085016252826
84
34 4480854449334691872
36 D
85
61 5122457043635585397
29 D
28
82
71 8932872483522593703
3
20 7712439009098614660
56 D
66 D
47
3 D
99
89
3
36
6
16
59
7
13 2273043786905028433
45 7315369190290421918
73
25 3878459062008937723
2 D
2 3713708561503086233
62
55
29
20
36
79 3594692393340078536
27
18 D
7 D
83 3133200713992910181
79 1348266689137879291
25 6717769307248682630
74 1863044847800357741
65
43 836994340687189813
86 2905452867846009305
92 9029273038507618270
57
25
52 6324914049235973979
5 975163721221670495
94 2263662060197197611
4 1739057497512217066
38 6259014048688469597
76
24 D
100 7537775188954179422
25 8619211678220906794
76 D
56 1245004548605365622
0 2865495572561452869
87
13 D
46
70 D
38
49
20
19
31
94
96
24 7927311396851088769
70
49
64
100 1238753716837740244
73
46
24 674268195309721728
37
97
99
2 215301919909847490
49 7636368767318898054
86 1717135810468090731
54
38
69
0 4590674377767205372
73
39
80 6218952587793901629
14
5
77 1124578683871764112
94
68 133768321806254670
55
49
61
49 D
83 3026670182057538851
94
51 D
100
7
57 1551040749087698385
57
91 2908422772423416882
15 D
97
83
6
7 8313492040779386354
68
21 9179797183505546176
84 D
41 D
66
4
56
86 199404200187052774
1 D
1
74 4540075117033612164
82 D
100
64 D
17 D
92
20 348040768560148317
23
23
39 6809149535670778213
71
31
4 D
59
39
77
48
11 D
86 3675767590283904534
38 4283712268832831795
85 3735785461220175027
93 8403923034766667469
40 D
90 6115161254475729165
1
87
83
58
52
75
79 702520863224452780
48 1337961010318704000
92
34 4194628810074184621
24 1955200736967840543
51
54
5 5305148125422593686
52
89
74
29
91 8749679748913583690
92 D
22 217979200812530625
2 8021143648765238692
23 D
11 2408004943454131583
38
77 D
16
83
12
9
11 7770842548709031347
14
82 8232139306294719577
23 2855791611489794066
72
81
46 8281359749880401648
58
29 D
57
47
80 7403443801309599790
64
37 D
2 D
24
4 6426026963617889116
30 8745105875976377934
99 D
17
17
100
64
20 374177459127643827
27
55
85 D
49
15
54 5004451840425737052
43
9 3024671205348474314
37
49
86
87 1370957503790399263
46 93040923003680461
81
73
4
80
89
28 399468534278871306
63
77
59
4
79
88 3104719325849024182
30
14
18
5
67
34 D
62
45 6867836588077676604
77 8420091011148598037
65 3947641566042296983
92
87
62
44 5496400025609868206
71
49 8874128141178878094
44
20
13
15
64 951155542659034803
68
7
40 1877970212312032406
75
3 7000007300675221472
59 3998958388460799900
10 D
99
22
48 5464170078105651443
87
19 6575334901550187873
41
76 D
59
95 7213346840296756879
37
3 5298067301431263220
53
62
43
89
40
79
8
2
65 6947255163069115283
90
64 D
72 699270493228493523
14 8574483075403344099
39 D
85
51 D
38 1591301002277700269
68
1 D
86 5258704200220257013
9
59
12 7168580014464869152
21 D
98 5807197749135683778
99
63
100
12 2010609141657409455
91
22
7
48 4700901668830119676
44
85 3781382152086391320
75 178179626678456088
63 D
81 D
28 5285640920919060141
88 4340023786703727372
55 D
67
13
50
26 6410438779108576962
21 D
63
88
55
13 D
4
63 7593909484138830858
3 7380805609157388328
44
34 D
46 6972081179545254274
48
57 7580047424768127869
25 7821412145516072544
23 5768264768811955606
96 207310351729591814
3 514391373202829288
95
79
51 D
18
20
33
21
97
55
35 D
88
29
40 7193272025469458506
49
90
24 7369788189694233156
74
82 2602312625303203324
41
0
66 5360412340162757980
100
35 D
77 D
61 1388915165033327237
37 4342790843577779224
43
36 3412774645188067063
4
53
18 5322558396172627717
7
69
70 1153921078714043749
18 6176620914016680594
67 313078447086495732
74
85
30
63
45
64 6028358014558941778
69
29 7087337997430805662
8
31 D
76 4699847532855601619
37 D
7 4986109399717177899
63
65
45 7223138635063662728
80
91 7280626142687786106
48 5514747419849342809
59 4343020008589967070
83
97
70 5726375472686512213
47
40
75
26 982079375422868883
84
2
6
91 6309313185736263997
29 D
66 2673751977135380285
67
27
23
41 3241613426498043710
81
78
63
37 1829619175068970133
51
56 6584496047639178704
80
63
35
50
74
28
92 6309396291802623581
87
78
61
96
98
29 4186388781367003997
90 6676309191433486169
41
99
46
90
55 2723496543412052524
41
30 8215884419538302534
17
86
67 4718510810649259205
75 D
97
53
0
56
85
26 2062190899397994660
22 742229159710450796
42
20 7237923082254953671
52
57 8104664309961181695
26 8498010290773793974
48 D
53 D
67 3134335186084907674
63
14 D
8 6389717688454771247
0 D
81
49
72
55 45456774873328566
46
81
19
87
30
36
33
37 D
49
89
75 D
58 6516448055473163811
10 6298925150894944042
31
87 D
35
92
100 267253883141621975
39
49
64 8653998103907262690
80 6198322917930110492
99
79 6915159397874919473
57
29
82
33
91 D
30 5637821652548599654
83 6642810708804378074
61 4603372706308144399
98
91
96 4231266092862129543
79
55 72253490549437571
69
56
65
66
86 8775469202582668862
100 D
58 3846929845267190785
94 4620159314519107938
85
18
72 6503893177230633315
27
20
86
74 710710396225833659
51
18 6204750041527451484
5
73
34
96 524401601334590225
84
32
16 D
9
20
38 6846575366724797728
19
44 D
61
100 D
89 3373741380935138746
25 1591841066133399974
72 7227436396292581694
70
83
94 3558666580268920669
46 6708609095797832878
54 3889244587010211433
100
83 7794267389133993558
65 D
76
24
49 607833795259516705
80
77 D
27
54 8161843477241118362
44
22
2
5
84 D
65
64 8982190422191269937
38 7860296027034440036
11 2433299357893113394
95 5285385648275599216
69 3844498223099395973
41
81 3026983496235030335
60 D
28 455999924074765607
31 D
68 1141992962349382652
87 969317481840519099
74 9046397519687464338
20
31
64
23
19
27 5775141509415959190
90
18
84
89 4386146363088834706
70
58 7680872723230415699
94
81 D
38
41 6243112415792338243
18
100 D
66 D
53 6816553591433596936
48 2154316515955239405
45
96 2226944196014521635
45
64
76
94 2313871181363022528
78
59
63
93
40
56
66 4122602167650483542
90
6 5866511369530878440
24
86 D
2 6458178480778319774
46
76
91
48 3247798063527601336
27 2324361799449291750
4
38 4967199560523254676
21
30
89
25
47
95
8
90
0
76
27 3421328293428382704
11 D
59 4125555099745349660
72 6839034372220974202
68
17 8843829756249171133
24 856352893029788614
83
94
23
76
45
59 651962182133789473
2
85 6177488854916201012
2 2013688778993369602
92 8460453293147490210
73 2051356376747366550
19 5209544364053392309
25 D
11 4047068304789063208
29 3319261723228964610
33 1438808774829664944
42 D
37 7671531392141226206
76
4 747945606732125979
4
19 2263025349752415116
63 D
62
16
80
3 4497454915220621994
32
69
85
22
92
61 3545907895240925897
65
36 203223284287850656
14 D
33 3573763784548874322
70
84 D
56
89
85
74 2111606123010315318
86
65 4727533331971656682
27
84
27
62
82
36
1 6021754122820847529
30
93 D
61
6
57
3 4196342619983318375
53
71 D
46 4173885274686933424
65 D
8
50 1594642652292431294
17 D
34
98 591882631800513635
59 D
51
45 8066867110378218383
93 1556920519481258562
69
9
43
36
69 3455260314903548810
76
88 D
49
75 D
33
45 D
76 6626713677338872125
93
53
79
36 7462814921512329666
20 3239532835822809217
35
88
25 D
55
57 8732626430816804828
31
41
45
94
27
13
82
56
44 8672325547302912109
85 5479757101737441110
77
47
95 D
59 D
5 373785518355971948
91
7
37 4188637353145533084
58 D
93
30
11
7
27 D
2 3008470735766935395
87 7558195076805377447
67
51
44 D
81
95 D
15 D
77 798415874011721294
61
80 762775134945749690
100 7665413193244883883
12 6656540182577669919
84
67
44
35
42 D
80
90 7377130927910271582
61
58 6280089004777148849
100
13 D
51
20
91
57
17 D
4
55
87 D
67 5127122222405288507
26 5002861674311908676
17 4612627747392319555
86 2797377301088069200
85 925805959158620301
30
42
2 2891396070629664462
51 3359562924447435627
55 5136054485428568504
95
52
89
7
73
84
87 7152742306262631370
7
46 824822131691549156
83
43 1029069421264273546
32 7082496685975562605
75 7006706343114193430
76 4069393564883446699
17 1019651395009438389
39
65
79
29
65 6454529312771618709
19
1
41
12
32 1291378098283593338
60 5931858769596764954
78 3962695140006895725
12
73 5880530818388545423
43
47
47
34
7 D
9
47
13
79
52
19
64
77 D
30 2369172088237830652
64
60 1547864811769054375
62
36 6053000842555957853
98
66
23
17 36364284087652640
46 5708228397991674332
10 5590152151598167135
79 2368081509466673088
31 6887131274579274608
44
67 D
30 2525060082639520271
37 1653251452029335250
82
75 4714742717052696763
92 6051935766337027860
38 1785982898634490377
10 D
66 D
70
15
77 3924036847512801346
35 479676797610313830
33
30
40
12 830635180667275812
50 6814602781186501791
53
79
97
39 4154344369748092015
12 D
74 4648847010700317501
76
86 363848916220031544
29
60 8368604321968886415
24
69
32 3460919684769539947
24 D
43 D
61
32
0
74 45145556629041297
75
67
63
54 2237119469472512293
88 5740940993228653146
98 358528421451914454
70
81 D
44
13 D
91 D
2 9034827151273337870
66 6749814291728130121
66
56 4525133609492223351
12
99
3
22
14
99
54
56 3260439510074192966
2
26 D
53
4
83
50
57
29
17 3136000517928385658
93
75
26 6787520539812279196
6 8520750161152408987
13
69
12 3024200027606829402
92
57
7 D
68
84
27 D
11
74
13
51 8993421353342814181
9 D
96
75
68
0
96 6187720542492265982
63
21 4374439820137119708
96 1290987930874730448
43
91 D
17
86 4628655809100552656
88 7565331070847379722
2 D
43 D
80
72
1
32 4212426115133467774
79
76 1259005562438431055
70 4295246509546170787
78 4235530752683742955
72 D
9 4750014713901225161
100
78
16 5756416138707012005
81
48
27
53
51 2974578859957057503
6 4570841345555441958
14 D
13
53 D
47
13
67
29 2551648495210762623
60
6 6993242398588770555
48
8
80 9101385449858349247
17
48
11 D
90 663504138836522254
80 D
81
42 1993831858903067624
86 D
31 D
80 6615657024509833291
8 D
65
76 7669677128980806698
89
12
55 D
14
71 1363255330771763003
98
51 D
62
18
41
50
38
22 D
10 D
42
48 1839394400598011549
79 D
86
50
73 3009207825881762019
18 1372642571245466112
23 D
58
57 2989885692406160694
63
27 D
61 5512462031053647024
40
61 8693059492269784998
69
56
73 D
62 D
57 3696193968610526782
44
21 3438376265228711141
18 8122630342546305583
35
1 2839100677163106492
73 434899891375123060
22
13 2504768906951882720
96
29
19 D
38 8095993286915369309
10
69 3954065902430337641
69 4944214505365963734
51
52
17
23
39 4649909915891344828
56 4281447682831500114
80 D
18
62
11 4003324728817551120
96
25 D
36
1 4124626369818815373
51
65
91 6855008819860710136
79 8036305776371496708
26
71 D
8
14
41
44
47
22 5408220541926966795
23
57
51
4
74
6
76
6
70
77
0 D
82 1946574223460711761
68 8232650599482008759
21
95 1790026139273628696
70 4504970400626092620
19
25 1427022204232145471
37
81 8613699291522323017
69
27 5613913788636902404
44
87
96 8235316369104593343
55 5163704963906747864
58
86
43 1963749644683620052
37
12 4553815039385554326
6 5136589216938949583
24 D
76
8 D
75 2050452864659036324
46
98
83
75
99
12
62
37
100 1469365290221885121
57
43
4 2527666133516023756
65 D
24 D
82 3985001467743503753
8 2172814221381066879
53
3
41
89 6343885547276705647
26 9138952070373184864
45 6872106552676117066
85
49 8692494698322332178
38 6942669558719548133
37
30 4347023801163548751
14 D
1
1
34 D
7 2995077441249003571
9 4549103749278602087
17 8318849798262056951
23
30
65
51
40 D
91 7655829264900949176
9 D
63 6150729182617692096
74
33 3451416789599184069
98 6332873548773937445
34 8434706053318246312
50
18 5167066998991140374
78 505641452348749945
96 5728396860702269719
100
88
4 7260397829370540220
60
89
82
10
59 3513750026699879184
92
38 1302814544110338210
48
81 5482318484057896821
56
54 6657580279133966245
38 294123267240984654
66
60 8189481476813145557
53
82
94 1625204028304020994
60 D
42
79 D
17 6578376309148099441
36
39 9066899089848753990
64
41 4399903497908989465
50 D
65 8059387852433051351
15 2905325241102698571
97 7440919084094209516
74 D
74
70
70
26
8 4458651459453850900
96
65
44 2882614684987543088
87
17 D
58
78
45 6977140300759518581
6 7606214372439196383
2
32 D
14
66
3 7915771554015840715
14
0 7290979601656054349
77
93
2 7053449066579410051
78
94 D
85 5749604087145725878
3 6844502781574732098
33
96 D
46 7385663198906668857
20
16
68 3558528022346146781
1 D
40
19 7668982200104672614
8
28 4965844279254946691
46 8770943972397643931
49
20 514903272178590555
43 5914173476741777267
4
92
80
3
29 D
37 1635932031604473710
51
61
41 3570604605644148201
69
84 D
11
71 6428350212588058570
94 D
39
99 D
13 8472978691157321098
87
46 5617361729031346149
34 D
61
48
48
84
60
99
80 9143046275592325105
72
99
76
69 2708129151343003130
10
23 3222588853149289496
53
90
2
47
13 D
12
45
87 5058173658273438836
94
26 523356002786883689
30 D
22 3282673343758147859
94 2479677800981286264
11
31
2
0
50
90
40 5679198563930812817
88
52 D
12
40
75
0 2721960353652078119
85 D
73 D
79 4556289200351418708
20
32 7367639448280339178
98
21
76 2476971809856921732
51
12 6164670574933376726
14
75 D
7
23 8266574126622610836
55
74 1541778658317974973
75 6961124430419900438
7 D
55
3 4588118439520520149
87 D
96 2410503363825703435
9 2077018716364971777
7 7554666059591443119
36
63
40
91
93
98 1207996234241182141
58 4219528612263091436
8 8116065424402320954
25 3812717487736896211
33 7023075355177753594
82 6302117913974836841
27 685494728879178684
21
3
96
47 D
82
93
67 7673633603473205630
58 241784277385956226
38
52 6730020470832285954
32
25
6 8842719236335779771
86
5
92
17 7618561498670238667
77 5822189545695132096
2 1311340705967301031
35
76 D
84 2848365713368998768
20
1 8419763556051925000
30
97
29 5258653379536487839
71 D
39 3353991953277008082
28 D
18
99
29 3096604999105212370
50
43
75
10
59 D
69
81 4381049981104536139
55
89
30
6
6 D
53 D
42 4179604914930527726
90
19
67 5230453342295459762
80
27
68
28
83
95
13
19
62 D
49 2751932071284372752
71 D
2
75 D
30 3019008901821854962
35 912968534138646225
24
45
63
38
24 6600082749272650802
7
99 D
38
49
45 8692308146449445547
79 D
83
50 D
14
49 D
71 6221815657821869234
81
28
18 6440163600760751385
35
79
9 D
67
27
88 5394229606156446409
37 4248477407541618634
38 D
67 6971421443459200566
97
40
67
27 8001571282635660948
30
8
43 7184878804243969898
71 2384793996996331914
68
41 D
0
8
54
8 D
22
100
27 1522713406976510136
62
42 1525510308468339525
78
32
44
74 4941315364287662061
24
29 8941259421478155607
15 1925662270227268944
22
75 1999765970938548677
92 7530377814925183348
75 1184896876293163840
24 8201134002507992829
40
76 7648244254435392583
16
41
61 D
98
23 4952839893531851445
75 D
76 D
84 7346556662745982045
44
50 6497371827567683325
96
22
26 1614167734134085073
72
78
76 2985380464683066107
13
69 D
43 4877006796041761869
68 D
3
96 98611910581499544
47
56 D
73
34
51 1850082227959762496
2
33
52 1143919133267828036
38
42 D
46 7946705235981392190
21
99
26 492656979058571476
46
59 514773010533486879
42 5726675256930642561
88
66 1915941697395257810
72
93
59
96 D
43
79 D
26
38 D
46 2679215367496390299
40
67 5019012882663867308
56 7224042462156192096
64
15 1371275406181334570
5
12 7093811257579218524
35
41
73
56 6242601715832298807
90 1061219357369010657
100
64
55
73 8109186053739882904
77
52
40
96 D
13
50
99
56
58 D
0
67 1294816980520326194
68 8858651672482300556
95
9
55
39
73
34 D
63 6914145105239015530
62 1066689632390240862
52
71 5693244745605486613
26
90 7496402719784622425
29
35 8987970030152690605
2 2188380271318025600
50
14
96
18 D
16 5510491452238426752
33
34
23
45 D
100
14 8805767328466539530
74 8884256289966797431
70
20
77
82
27 2750078048474587438
55
1 6334076042912919205
34 4340732139700616768
12
75 D
61
70 D
23 D
13
3
20
49
0 6196293050914679633
51 6402048105780808265
54
57
4 D
16 4776170798231007446
29 2971412560953018915
86
25 8639069668721149303
4
75 783693252699134200
19 756378605981182847
20 900090072757790653
59
1
94 323140406634157852
99
33 6933630262882703476
81
76
89 D
30
98 4405080136213098936
5 D
82
88 8705006525201674230
2
72 6188768710353229748
68 8106554849597262736
31
44
16
54
40
81 D
90
29 D
99
7 4630193626023408915
35 D
14
22 8640707279803487258
53
83 D
10 2816999669469828691
4 D
97 D
76
9 D
44 728694855822179053
42
57
84 D
88 5421843410874396955
0 4889378072226604135
68 D
51 1600869265660258974
100 7632442542494680612
18 3847992938451973572
29 996920465235373358
7
86
28 4151359304191577627
5
50 8758088354042433338
55
20
66
46
26
21 D
78
31 D
52 D
67 5808074997620044266
91
48
96
87
30
10 8508141202654353218
100
48 8191630279035106197
79
39 9021970320239988499
68 6819196911957588269
49 2961836299536996608
48 4370589444820701471
35 D
68 9032833015988727189
67 1661950856769686339
0 558076356360963718
39
19
34 3012866597313183424
95
12
83
42 6529908312320964515
59 5503296632083013022
47 6170065600351863117
12
7
1
26
15
66
15 4346466485814823725
36
57
27
48 2511558596933976822
93
14 3147234535393335255
28
31 1369910514273315904
53 D
57
53 942404775397995364
77
9
96 4119845981835282820
25
62
27 D
24 216505878034895505
26 6630724972390287598
96 D
6 D
90 8107267353733938174
41 6193035472547309794
76
99
68 4438286597350018790
88 D
34 7927208094663877959
28
71 1885620860230953818
59
87
79
72
38
61 D
38
8
34 1026788182321142653
36
54
56
60 3865037023995456166
60
28 D
91
35 1534262357620093818
88 3732536856311772708
19
100 D
66 9200673158510913698
80 3274842884810488008
71
57 7657670807384400595
95
43 5824334038741080917
5
37 7020823468069707103
14
43 1514965792823840084
39 8683296672695687284
66 4871397959911515203
47
26 8900045287432388511
65
88 3764078568825787586
93
78 D
38
92
67
29
9 5350305866032094736
100
70 113133405387909553
56 D
31
40 6356549867698890914
84
20
10
51
40 2082957043325658414
60
16 5058753284195767918
100
81
53
96
96
49
32 5439343231929740148
64
79
16
11
6
62
47 D
57
84
44
72
88
1
65
28 4002578322984039228
27 1061923398399953160
69
16
81 3011013911202844892
12
4
32 2746828164830290513
87
39
32
80 8681148857799200783
44
83
23 4099970609527051660
89 D
77 D
48 7643835273797855180
3
35
60 D
0 4398382138149180141
68
70 5679527084681530817
50
68
79
2
6
1 6038256849628278122
93
42 6280972119883639435
36
59 354739245949007164
0 7829644727815301051
88
71
13 D
42
48 8702557041454402398
38 D
28
49
100
15
72
87
61 8521753005521142191
73
97
34 5540456854853310594
13
34 7192969207930629656
59
93
6
2 4518728585663494004
80 D
1 D
10 D
68
89 D
3 2479184891373760956
58
37 D
43
38
87 2173708913870063762
83
53
5
28 1042630472624289913
70
50
21 3354473722925581709
16
38
5 9117384802650505556
39 D
40 3591874131201043932
91 D
6
64 7913484085244664116
12
95
30
14 5057659954421093848
45 6250275064812380628
58
26
65
69 7262411496776807995
71 3588507654310488713
74
68
61 4437622812732548867
50
75
9
88
69 D
27 D
19
62
98
27
30 868473594813278534
86 4378903120374735461
85 1443550096986944589
9
12 3876516857009871878
62 4819031637440777247
72
20
60 4548642907368306434
64
90
39
32
7 168355967728740061
1 6704480621404137497
48
74 D
60 8714917236584807137
80
24
75
66 6282784200424263702
32
88
7 6142941070871742062
24
11 D
61 5479376060917006475
66 8911634868104235398
67 D
43 6036156248531937945
61
13
9
83 1615851595916564129
72
23
85
41 D
62 D
43
2
61
18
7
18
88
43 6743113233496557397
74
86
26
18
57 D
44
56 D
10 914859169145236398
2
12 D
77 4855292763318889551
87 D
62 D
44 8253626109734946249
10
32 D
93 89337121488572106
32
63 8035686932748743208
65 687473473105939917
78
32 1501089584507837258
8
71 D
51 1405199889700021305
67
12 D
24 7045275247743852935
96
36 D
10 D
25
3 D
95 4325754258387516852
48 2711127282593898659
15
25
52
67 5930713794100160480
48 4709319086489910320
48 4638343175160404783
99
77 8686705619533985131
14 8467542436600832067
50
99
59 D
48
30
79
21 D
31
15 5160988575222216575
62 2733644831563868506
80 8111087726396584596
83
83 4146118775350177521
97
1 5832490006023926445
82
44
0 D
86 D
86
49
92
36
33
80
5
46 870324365459897846
91 D
7 D
5
11
30
66
45 3323561689012085827
47 D
56
71
23 6670708437659446228
92
85
100 D
42 9213395109981742169
79
27 7446590355066910079
19 D
40
15 D
99 5115778658555763781
82 6266671895001449681
90 1439542661915224339
79
23 2441825898144613377
75 7940160921057055882
89
20
85
33
42
30 D
2
99
1 D
97
19 685890448452470066
16
47 720289976975779395
14
60
24
47 D
55
80 1444626485438883992
24
62
52 1697715218728033861
24 D
87 D
67
40 8760285700468647184
52
2
72 D
11 8058411096086416284
69
26
18
55 8188106580703339433
98
1 7955857340203358444
33
53 7494335771780059939
80 8612068626816649729
66
85
50
10 D
45
3
13 8390881779734408359
51
43 1469722655893712854
75
33
75
36
99 D
31
19 8549659804958887770
70
60
16
93 7263549981701279142
29
40 D
7
30 7353683438717197723
3 4440548557933204843
1
21 D
9
87 D
69
88
4 D
18 2166260528516319108
82
7
94 3552898298221423252
26 D
87
78
5 D
41 D
95
81
77
84 D
58 6997367943288405076
12 6771065730414396617
5 793730551964982960
42 5481364881582709924
3
73
46 4393330019077085159
8 D
73
65 1038694545645258139
22
58
45
53
6 D
10
42
31 660678417143336564
15 D
22 3137354036245037194
84 D
49
4
34
90
58 3366407940967309846
10
0
29
67
59
14
17
18
93
56 5166880399048549602
36
12
72
50 5475868084625130638
14
14 346472057681592232
86 8917381621362010087
96
0
60 7638368778959346307
9
85 4454926211489457768
25 4284158308253643573
53 D
59 387146883216434517
35
66
16
95 8818213175184569796
73 5629497374921723148
76
45
69 2407672171542275261
7
14 807242383483373194
94 6009891291461814088
71
71
43
97 4074081858027453225
74 3686147621277692806
13
75 7814131463463175471
29 5614609572401663621
37
67 2899356635430035922
30
76 1057499959493099676
66
70 D
54
23 5186976344533682138
12
8
24
66 3537518574744587187
29
49 7214260809683450225
98 2562575480688772861
30 D
23 D
67
6 2013758900373378014
37 5272327946990733102
70
72
21 674326497886658125
3
90
63
37
73
53 4813978097401838392
81 7643814758065634319
23
2 D
95
74 3328595488298535258
4 3981192030525978730
76 4568039632386450707
41
35
95 D
91
60 D
38
82 7945948426281306638
37 527048151276524655
2 D
84
43
73 6630705827051535737
84
28
31
43 8053346715054122442
17 3208929301054110950
22
66
80 D
87
74
18 D
35 859786360358530176
43 2582701456514061394
92 D
13 8644856198800672385
87 3926316495211744273
94 D
75 6456579390182065503
88
45 2134495282481158242
96
45
64 6394579177345120658
95 2912506543569692656
8
65
55
39 D
3
44 6882232392302694088
85 232651869174262882
63 5017391534352637921
37
38 D
12 D
67
59 D
35 D
100 2608130078813573144
54 D
98
100
52
12
67
8
18
74
49
29
27 D
80
12
30
32
87 D
87
18 D
18 D
3 1560945188863146596
70 D
15
52
90 7772237262527032752
15 8470720137973232295
24
15
93
20 6130422051748574898
12 8491715720135531031
46
98
15
0 1827789865466854242
100
34 3445388601894309130
32 91964700708394942
64
86 4963838915904916227
92 D
22
63 5521103187169428875
62 6676877202820076095
29 4287990381170195239
26
67 D
82 5912389547752051300
10 8255940868244591418
83 5253548714179782362
83 4393859455076755569
45
79
7 5516442786851101434
32
45
39
62
96 3480615670363491233
17 1558008558394036048
3
82
60 5424681924489196929
0 6705878894526233728
91 8315252945657399417
60
13
15 D
66 8549556652174841095
63 1504617096563273440
45
49
10 7810042044186836987
100
46 D
55
35
51
49 4819219513382747625
52
46
0
97 D
30 494349613360153614
17 5210874069729285684
70
93
34
41
63
46
16 842579117338008161
30
13 9054115685412794628
66 D
87
3
44
11 1780656679780677921
39
42
45 3390909367477749572
42 D
70
6
27
30 8369251178854887287
36 154873445712037834
77
14 963284438279317286
53 D
0
52 D
49
1 D
66
32
51
34
14 2869118851301827116
89 4040838828771001563
65 8535382250630407310
44
52 7676487418096898659
44
15 3354018852066786198
72 7486784030111411577
80
14
29
92 5689650663005992369
78 1810152394990995909
36
17 3856837348766182577
77 960205131277704347
58
91 D
60
66 2633974716990393275
55
82
100 9062915349704650267
58 D
17
2 D
3
55 D
23
11 D
58 D
72 6476118596943632067
12 3401558625052449979
27
40
65
52
60
62 7128957223612302744
28
86 7043504472938193414
24
14 3980651583439812186
59
51
83
89
94 395281464224441149
98 4497904186027201870
80
95 1531138196916189113
7
90 D
54 114763901770003074
10 8562252977097963282
76
48 341627163449463619
72
4
85
44
4 5703773655121310732
82
67 2271845729791072882
94 D
13
82 3198824114889927715
34
92 3238213062019765343
45 D
71 4167418868580375947
84
70 248044696448137769
55
72
16 6991335023108506016
50 3230422619001496245
26
81 D
10
68
89 D
94
91
56
40
90 4413867296403455207
7
80
95
91
23
86
28
50 1948318442369108609
98
26
18
71 2226865854145916949
69 7072744440631506325
47
13 7586558059413854100
80 8032964082960289893
53
49 6381155255339344425
73 D
57
40
43 3666078869929674072
81 7156451515220276082
97 D
8 7904734886805833793
77
72
77
23 76590811422024219
44
56 6198683553375229584
70
53
73
8 D
76 130154566560696108
16
7 466706454093796790
65 D
84 D
54
37 5177301618694479625
98
80
65 7507223795139420199
60
43
31
20 D
47
64
77
31
40
29 282871897878248513
78
54 6793687367324824611
94
79 8282029553191443262
5 661905928702875138
18
73 D
21
99 4368620270737561134
41
51
61 3478754620027640179
50 D
91 D
51
15
73
55
48 D
57 4808852090945721495
60 5328050298186730717
75 D
99
25 D
52
46 7811498693251822192
6
62
51
5
11
80
67
72
53 5365241308027307268
93 6663774584902756600
92
65 D
